# JRE version: Java(TM) SE Runtime Environment (8.0_121-b13) (build 1.8.0_121-b13)
# Java VM: Java HotSpot(TM) Client VM (25.121-b13 mixed mode, sharing windows-x86 )
Heap:
 def new generation   total 4928K, used 2788K [0x04600000, 0x04b50000, 0x09b50000)
  eden space 4416K,  62% used [0x04600000, 0x048ac818, 0x04a50000)
  from space 512K,   9% used [0x04ad0000, 0x04adc860, 0x04b50000)
  to   space 512K,   0% used [0x04a50000, 0x04a50000, 0x04ad0000)
 tenured generation   total 10944K, used 679K [0x09b50000, 0x0a600000, 0x14600000)
   the space 10944K,   6% used [0x09b50000, 0x09bf9f38, 0x09bfa000, 0x0a600000)
 Metaspace       used 570K, capacity 2760K, committed 2880K, reserved 4480K
GC Heap History (10 events):
Event: 124.400 GC heap before
{Heap before GC invocations=256 (full 0):
 def new generation   total 4928K, used 4472K [0x04600000, 0x04b50000, 0x09b50000)
  eden space 4416K, 100% used [0x04600000, 0x04a50000, 0x04a50000)
  from space 512K,  11% used [0x04a50000, 0x04a5e2e0, 0x04ad0000)
  to   space 512K,   0% used [0x04ad0000, 0x04ad0000, 0x04b50000)
 tenured generation   total 10944K, used 664K [0x09b50000, 0x0a600000, 0x14600000)
   the space 10944K,   6% used [0x09b50000, 0x09bf6040, 0x09bf6200, 0x0a600000)
 Metaspace       used 570K, capacity 2760K, committed 2880K, reserved 4480K
Event: 124.401 GC heap after
Heap after GC invocations=257 (full 0):
 def new generation   total 4928K, used 54K [0x04600000, 0x04b50000, 0x09b50000)
  eden space 4416K,   0% used [0x04600000, 0x04600000, 0x04a50000)
  from space 512K,  10% used [0x04ad0000, 0x04addb18, 0x04b50000)
  to   space 512K,   0% used [0x04a50000, 0x04a50000, 0x04ad0000)
 tenured generation   total 10944K, used 667K [0x09b50000, 0x0a600000, 0x14600000)
   the space 10944K,   6% used [0x09b50000, 0x09bf6c78, 0x09bf6e00, 0x0a600000)
 Metaspace       used 570K, capacity 2760K, committed 2880K, reserved 4480K
}
Event: 125.353 GC heap before
{Heap before GC invocations=257 (full 0):
 def new generation   total 4928K, used 4470K [0x04600000, 0x04b50000, 0x09b50000)
  eden space 4416K, 100% used [0x04600000, 0x04a50000, 0x04a50000)
  from space 512K,  10% used [0x04ad0000, 0x04addb18, 0x04b50000)
  to   space 512K,   0% used [0x04a50000, 0x04a50000, 0x04ad0000)
 tenured generation   total 10944K, used 667K [0x09b50000, 0x0a600000, 0x14600000)
   the space 10944K,   6% used [0x09b50000, 0x09bf6c78, 0x09bf6e00, 0x0a600000)
 Metaspace       used 570K, capacity 2760K, committed 2880K, reserved 4480K
Event: 125.354 GC heap after
Heap after GC invocations=258 (full 0):
 def new generation   total 4928K, used 55K [0x04600000, 0x04b50000, 0x09b50000)
  eden space 4416K,   0% used [0x04600000, 0x04600000, 0x04a50000)
  from space 512K,  10% used [0x04a50000, 0x04a5df88, 0x04ad0000)
  to   space 512K,   0% used [0x04ad0000, 0x04ad0000, 0x04b50000)
 tenured generation   total 10944K, used 667K [0x09b50000, 0x0a600000, 0x14600000)
   the space 10944K,   6% used [0x09b50000, 0x09bf6f68, 0x09bf7000, 0x0a600000)
 Metaspace       used 570K, capacity 2760K, committed 2880K, reserved 4480K
}
Event: 126.256 GC heap before
{Heap before GC invocations=258 (full 0):
 def new generation   total 4928K, used 4471K [0x04600000, 0x04b50000, 0x09b50000)
  eden space 4416K, 100% used [0x04600000, 0x04a50000, 0x04a50000)
  from space 512K,  10% used [0x04a50000, 0x04a5df88, 0x04ad0000)
  to   space 512K,   0% used [0x04ad0000, 0x04ad0000, 0x04b50000)
 tenured generation   total 10944K, used 667K [0x09b50000, 0x0a600000, 0x14600000)
   the space 10944K,   6% used [0x09b50000, 0x09bf6f68, 0x09bf7000, 0x0a600000)
 Metaspace       used 570K, capacity 2760K, committed 2880K, reserved 4480K
Event: 126.257 GC heap after
Heap after GC invocations=259 (full 0):
 def new generation   total 4928K, used 54K [0x04600000, 0x04b50000, 0x09b50000)
  eden space 4416K,   0% used [0x04600000, 0x04600000, 0x04a50000)
  from space 512K,  10% used [0x04ad0000, 0x04add888, 0x04b50000)
  to   space 512K,   0% used [0x04a50000, 0x04a50000, 0x04ad0000)
 tenured generation   total 10944K, used 669K [0x09b50000, 0x0a600000, 0x14600000)
   the space 10944K,   6% used [0x09b50000, 0x09bf7698, 0x09bf7800, 0x0a600000)
 Metaspace       used 570K, capacity 2760K, committed 2880K, reserved 4480K
}
Event: 127.209 GC heap before
{Heap before GC invocations=259 (full 0):
 def new generation   total 4928K, used 4470K [0x04600000, 0x04b50000, 0x09b50000)
  eden space 4416K, 100% used [0x04600000, 0x04a50000, 0x04a50000)
  from space 512K,  10% used [0x04ad0000, 0x04add888, 0x04b50000)
  to   space 512K,   0% used [0x04a50000, 0x04a50000, 0x04ad0000)
 tenured generation   total 10944K, used 669K [0x09b50000, 0x0a600000, 0x14600000)
   the space 10944K,   6% used [0x09b50000, 0x09bf7698, 0x09bf7800, 0x0a600000)
 Metaspace       used 570K, capacity 2760K, committed 2880K, reserved 4480K
Event: 127.211 GC heap after
Heap after GC invocations=260 (full 0):
 def new generation   total 4928K, used 48K [0x04600000, 0x04b50000, 0x09b50000)
  eden space 4416K,   0% used [0x04600000, 0x04600000, 0x04a50000)
  from space 512K,   9% used [0x04a50000, 0x04a5c380, 0x04ad0000)
  to   space 512K,   0% used [0x04ad0000, 0x04ad0000, 0x04b50000)
 tenured generation   total 10944K, used 674K [0x09b50000, 0x0a600000, 0x14600000)
   the space 10944K,   6% used [0x09b50000, 0x09bf88a0, 0x09bf8a00, 0x0a600000)
 Metaspace       used 570K, capacity 2760K, committed 2880K, reserved 4480K
}
Event: 128.114 GC heap before
{Heap before GC invocations=260 (full 0):
 def new generation   total 4928K, used 4464K [0x04600000, 0x04b50000, 0x09b50000)
  eden space 4416K, 100% used [0x04600000, 0x04a50000, 0x04a50000)
  from space 512K,   9% used [0x04a50000, 0x04a5c380, 0x04ad0000)
  to   space 512K,   0% used [0x04ad0000, 0x04ad0000, 0x04b50000)
 tenured generation   total 10944K, used 674K [0x09b50000, 0x0a600000, 0x14600000)
   the space 10944K,   6% used [0x09b50000, 0x09bf88a0, 0x09bf8a00, 0x0a600000)
 Metaspace       used 570K, capacity 2760K, committed 2880K, reserved 4480K
Event: 128.115 GC heap after
Heap after GC invocations=261 (full 0):
 def new generation   total 4928K, used 50K [0x04600000, 0x04b50000, 0x09b50000)
  eden space 4416K,   0% used [0x04600000, 0x04600000, 0x04a50000)
  from space 512K,   9% used [0x04ad0000, 0x04adc860, 0x04b50000)
  to   space 512K,   0% used [0x04a50000, 0x04a50000, 0x04ad0000)
 tenured generation   total 10944K, used 679K [0x09b50000, 0x0a600000, 0x14600000)
   the space 10944K,   6% used [0x09b50000, 0x09bf9f38, 0x09bfa000, 0x0a600000)
 Metaspace       used 570K, capacity 2760K, committed 2880K, reserved 4480K
}

