# JRE version: Java(TM) SE Runtime Environment (8.0_121-b13) (build 1.8.0_121-b13)
# Java VM: Java HotSpot(TM) Client VM (25.121-b13 mixed mode, sharing windows-x86 )
Heap:
 def new generation   total 4928K, used 1535K [0x04800000, 0x04d50000, 0x09d50000)
  eden space 4416K,  34% used [0x04800000, 0x049775d8, 0x04c50000)
  from space 512K,   6% used [0x04cd0000, 0x04cd8868, 0x04d50000)
  to   space 512K,   0% used [0x04c50000, 0x04c50000, 0x04cd0000)
 tenured generation   total 10944K, used 1485K [0x09d50000, 0x0a800000, 0x14800000)
   the space 10944K,  13% used [0x09d50000, 0x09ec3640, 0x09ec3800, 0x0a800000)
 Metaspace       used 561K, capacity 2760K, committed 2880K, reserved 4480K
GC Heap History (10 events):
Event: 343.646 GC heap before
{Heap before GC invocations=1374 (full 0):
 def new generation   total 4928K, used 4471K [0x04800000, 0x04d50000, 0x09d50000)
  eden space 4416K, 100% used [0x04800000, 0x04c50000, 0x04c50000)
  from space 512K,  10% used [0x04c50000, 0x04c5dd90, 0x04cd0000)
  to   space 512K,   0% used [0x04cd0000, 0x04cd0000, 0x04d50000)
 tenured generation   total 10944K, used 1462K [0x09d50000, 0x0a800000, 0x14800000)
   the space 10944K,  13% used [0x09d50000, 0x09ebd940, 0x09ebda00, 0x0a800000)
 Metaspace       used 561K, capacity 2760K, committed 2880K, reserved 4480K
Event: 343.647 GC heap after
Heap after GC invocations=1375 (full 0):
 def new generation   total 4928K, used 47K [0x04800000, 0x04d50000, 0x09d50000)
  eden space 4416K,   0% used [0x04800000, 0x04800000, 0x04c50000)
  from space 512K,   9% used [0x04cd0000, 0x04cdbcf0, 0x04d50000)
  to   space 512K,   0% used [0x04c50000, 0x04c50000, 0x04cd0000)
 tenured generation   total 10944K, used 1470K [0x09d50000, 0x0a800000, 0x14800000)
   the space 10944K,  13% used [0x09d50000, 0x09ebf8e0, 0x09ebfa00, 0x0a800000)
 Metaspace       used 561K, capacity 2760K, committed 2880K, reserved 4480K
}
Event: 343.829 GC heap before
{Heap before GC invocations=1375 (full 0):
 def new generation   total 4928K, used 4463K [0x04800000, 0x04d50000, 0x09d50000)
  eden space 4416K, 100% used [0x04800000, 0x04c50000, 0x04c50000)
  from space 512K,   9% used [0x04cd0000, 0x04cdbcf0, 0x04d50000)
  to   space 512K,   0% used [0x04c50000, 0x04c50000, 0x04cd0000)
 tenured generation   total 10944K, used 1470K [0x09d50000, 0x0a800000, 0x14800000)
   the space 10944K,  13% used [0x09d50000, 0x09ebf8e0, 0x09ebfa00, 0x0a800000)
 Metaspace       used 561K, capacity 2760K, committed 2880K, reserved 4480K
Event: 343.829 GC heap after
Heap after GC invocations=1376 (full 0):
 def new generation   total 4928K, used 44K [0x04800000, 0x04d50000, 0x09d50000)
  eden space 4416K,   0% used [0x04800000, 0x04800000, 0x04c50000)
  from space 512K,   8% used [0x04c50000, 0x04c5b1d8, 0x04cd0000)
  to   space 512K,   0% used [0x04cd0000, 0x04cd0000, 0x04d50000)
 tenured generation   total 10944K, used 1475K [0x09d50000, 0x0a800000, 0x14800000)
   the space 10944K,  13% used [0x09d50000, 0x09ec0d10, 0x09ec0e00, 0x0a800000)
 Metaspace       used 561K, capacity 2760K, committed 2880K, reserved 4480K
}
Event: 344.017 GC heap before
{Heap before GC invocations=1376 (full 0):
 def new generation   total 4928K, used 4460K [0x04800000, 0x04d50000, 0x09d50000)
  eden space 4416K, 100% used [0x04800000, 0x04c50000, 0x04c50000)
  from space 512K,   8% used [0x04c50000, 0x04c5b1d8, 0x04cd0000)
  to   space 512K,   0% used [0x04cd0000, 0x04cd0000, 0x04d50000)
 tenured generation   total 10944K, used 1475K [0x09d50000, 0x0a800000, 0x14800000)
   the space 10944K,  13% used [0x09d50000, 0x09ec0d10, 0x09ec0e00, 0x0a800000)
 Metaspace       used 561K, capacity 2760K, committed 2880K, reserved 4480K
Event: 344.018 GC heap after
Heap after GC invocations=1377 (full 0):
 def new generation   total 4928K, used 39K [0x04800000, 0x04d50000, 0x09d50000)
  eden space 4416K,   0% used [0x04800000, 0x04800000, 0x04c50000)
  from space 512K,   7% used [0x04cd0000, 0x04cd9ce0, 0x04d50000)
  to   space 512K,   0% used [0x04c50000, 0x04c50000, 0x04cd0000)
 tenured generation   total 10944K, used 1478K [0x09d50000, 0x0a800000, 0x14800000)
   the space 10944K,  13% used [0x09d50000, 0x09ec18e8, 0x09ec1a00, 0x0a800000)
 Metaspace       used 561K, capacity 2760K, committed 2880K, reserved 4480K
}
Event: 344.208 GC heap before
{Heap before GC invocations=1377 (full 0):
 def new generation   total 4928K, used 4455K [0x04800000, 0x04d50000, 0x09d50000)
  eden space 4416K, 100% used [0x04800000, 0x04c50000, 0x04c50000)
  from space 512K,   7% used [0x04cd0000, 0x04cd9ce0, 0x04d50000)
  to   space 512K,   0% used [0x04c50000, 0x04c50000, 0x04cd0000)
 tenured generation   total 10944K, used 1478K [0x09d50000, 0x0a800000, 0x14800000)
   the space 10944K,  13% used [0x09d50000, 0x09ec18e8, 0x09ec1a00, 0x0a800000)
 Metaspace       used 561K, capacity 2760K, committed 2880K, reserved 4480K
Event: 344.209 GC heap after
Heap after GC invocations=1378 (full 0):
 def new generation   total 4928K, used 34K [0x04800000, 0x04d50000, 0x09d50000)
  eden space 4416K,   0% used [0x04800000, 0x04800000, 0x04c50000)
  from space 512K,   6% used [0x04c50000, 0x04c58ac8, 0x04cd0000)
  to   space 512K,   0% used [0x04cd0000, 0x04cd0000, 0x04d50000)
 tenured generation   total 10944K, used 1485K [0x09d50000, 0x0a800000, 0x14800000)
   the space 10944K,  13% used [0x09d50000, 0x09ec34b8, 0x09ec3600, 0x0a800000)
 Metaspace       used 561K, capacity 2760K, committed 2880K, reserved 4480K
}
Event: 344.392 GC heap before
{Heap before GC invocations=1378 (full 0):
 def new generation   total 4928K, used 4450K [0x04800000, 0x04d50000, 0x09d50000)
  eden space 4416K, 100% used [0x04800000, 0x04c50000, 0x04c50000)
  from space 512K,   6% used [0x04c50000, 0x04c58ac8, 0x04cd0000)
  to   space 512K,   0% used [0x04cd0000, 0x04cd0000, 0x04d50000)
 tenured generation   total 10944K, used 1485K [0x09d50000, 0x0a800000, 0x14800000)
   the space 10944K,  13% used [0x09d50000, 0x09ec34b8, 0x09ec3600, 0x0a800000)
 Metaspace       used 561K, capacity 2760K, committed 2880K, reserved 4480K
Event: 344.392 GC heap after
Heap after GC invocations=1379 (full 0):
 def new generation   total 4928K, used 34K [0x04800000, 0x04d50000, 0x09d50000)
  eden space 4416K,   0% used [0x04800000, 0x04800000, 0x04c50000)
  from space 512K,   6% used [0x04cd0000, 0x04cd8868, 0x04d50000)
  to   space 512K,   0% used [0x04c50000, 0x04c50000, 0x04cd0000)
 tenured generation   total 10944K, used 1485K [0x09d50000, 0x0a800000, 0x14800000)
   the space 10944K,  13% used [0x09d50000, 0x09ec3640, 0x09ec3800, 0x0a800000)
 Metaspace       used 561K, capacity 2760K, committed 2880K, reserved 4480K
}

