# JRE version: Java(TM) SE Runtime Environment (8.0_121-b13) (build 1.8.0_121-b13)
# Java VM: Java HotSpot(TM) Client VM (25.121-b13 mixed mode, sharing windows-x86 )
Heap:
 def new generation   total 4928K, used 1983K [0x05000000, 0x05550000, 0x0a550000)
  eden space 4416K,  44% used [0x05000000, 0x051e5c50, 0x05450000)
  from space 512K,   7% used [0x05450000, 0x0545a128, 0x054d0000)
  to   space 512K,   0% used [0x054d0000, 0x054d0000, 0x05550000)
 tenured generation   total 10944K, used 945K [0x0a550000, 0x0b000000, 0x15000000)
   the space 10944K,   8% used [0x0a550000, 0x0a63c730, 0x0a63c800, 0x0b000000)
 Metaspace       used 565K, capacity 2760K, committed 2880K, reserved 4480K
GC Heap History (10 events):
Event: 125.456 GC heap before
{Heap before GC invocations=463 (full 0):
 def new generation   total 4928K, used 4450K [0x05000000, 0x05550000, 0x0a550000)
  eden space 4416K, 100% used [0x05000000, 0x05450000, 0x05450000)
  from space 512K,   6% used [0x054d0000, 0x054d8a40, 0x05550000)
  to   space 512K,   0% used [0x05450000, 0x05450000, 0x054d0000)
 tenured generation   total 10944K, used 945K [0x0a550000, 0x0b000000, 0x15000000)
   the space 10944K,   8% used [0x0a550000, 0x0a63c678, 0x0a63c800, 0x0b000000)
 Metaspace       used 565K, capacity 2760K, committed 2880K, reserved 4480K
Event: 125.456 GC heap after
Heap after GC invocations=464 (full 0):
 def new generation   total 4928K, used 38K [0x05000000, 0x05550000, 0x0a550000)
  eden space 4416K,   0% used [0x05000000, 0x05000000, 0x05450000)
  from space 512K,   7% used [0x05450000, 0x05459a10, 0x054d0000)
  to   space 512K,   0% used [0x054d0000, 0x054d0000, 0x05550000)
 tenured generation   total 10944K, used 945K [0x0a550000, 0x0b000000, 0x15000000)
   the space 10944K,   8% used [0x0a550000, 0x0a63c678, 0x0a63c800, 0x0b000000)
 Metaspace       used 565K, capacity 2760K, committed 2880K, reserved 4480K
}
Event: 125.663 GC heap before
{Heap before GC invocations=464 (full 0):
 def new generation   total 4928K, used 4454K [0x05000000, 0x05550000, 0x0a550000)
  eden space 4416K, 100% used [0x05000000, 0x05450000, 0x05450000)
  from space 512K,   7% used [0x05450000, 0x05459a10, 0x054d0000)
  to   space 512K,   0% used [0x054d0000, 0x054d0000, 0x05550000)
 tenured generation   total 10944K, used 945K [0x0a550000, 0x0b000000, 0x15000000)
   the space 10944K,   8% used [0x0a550000, 0x0a63c678, 0x0a63c800, 0x0b000000)
 Metaspace       used 565K, capacity 2760K, committed 2880K, reserved 4480K
Event: 125.664 GC heap after
Heap after GC invocations=465 (full 0):
 def new generation   total 4928K, used 39K [0x05000000, 0x05550000, 0x0a550000)
  eden space 4416K,   0% used [0x05000000, 0x05000000, 0x05450000)
  from space 512K,   7% used [0x054d0000, 0x054d9fd0, 0x05550000)
  to   space 512K,   0% used [0x05450000, 0x05450000, 0x054d0000)
 tenured generation   total 10944K, used 945K [0x0a550000, 0x0b000000, 0x15000000)
   the space 10944K,   8% used [0x0a550000, 0x0a63c678, 0x0a63c800, 0x0b000000)
 Metaspace       used 565K, capacity 2760K, committed 2880K, reserved 4480K
}
Event: 125.869 GC heap before
{Heap before GC invocations=465 (full 0):
 def new generation   total 4928K, used 4455K [0x05000000, 0x05550000, 0x0a550000)
  eden space 4416K, 100% used [0x05000000, 0x05450000, 0x05450000)
  from space 512K,   7% used [0x054d0000, 0x054d9fd0, 0x05550000)
  to   space 512K,   0% used [0x05450000, 0x05450000, 0x054d0000)
 tenured generation   total 10944K, used 945K [0x0a550000, 0x0b000000, 0x15000000)
   the space 10944K,   8% used [0x0a550000, 0x0a63c678, 0x0a63c800, 0x0b000000)
 Metaspace       used 565K, capacity 2760K, committed 2880K, reserved 4480K
Event: 125.870 GC heap after
Heap after GC invocations=466 (full 0):
 def new generation   total 4928K, used 39K [0x05000000, 0x05550000, 0x0a550000)
  eden space 4416K,   0% used [0x05000000, 0x05000000, 0x05450000)
  from space 512K,   7% used [0x05450000, 0x05459fa8, 0x054d0000)
  to   space 512K,   0% used [0x054d0000, 0x054d0000, 0x05550000)
 tenured generation   total 10944K, used 945K [0x0a550000, 0x0b000000, 0x15000000)
   the space 10944K,   8% used [0x0a550000, 0x0a63c730, 0x0a63c800, 0x0b000000)
 Metaspace       used 565K, capacity 2760K, committed 2880K, reserved 4480K
}
Event: 126.086 GC heap before
{Heap before GC invocations=466 (full 0):
 def new generation   total 4928K, used 4455K [0x05000000, 0x05550000, 0x0a550000)
  eden space 4416K, 100% used [0x05000000, 0x05450000, 0x05450000)
  from space 512K,   7% used [0x05450000, 0x05459fa8, 0x054d0000)
  to   space 512K,   0% used [0x054d0000, 0x054d0000, 0x05550000)
 tenured generation   total 10944K, used 945K [0x0a550000, 0x0b000000, 0x15000000)
   the space 10944K,   8% used [0x0a550000, 0x0a63c730, 0x0a63c800, 0x0b000000)
 Metaspace       used 565K, capacity 2760K, committed 2880K, reserved 4480K
Event: 126.087 GC heap after
Heap after GC invocations=467 (full 0):
 def new generation   total 4928K, used 42K [0x05000000, 0x05550000, 0x0a550000)
  eden space 4416K,   0% used [0x05000000, 0x05000000, 0x05450000)
  from space 512K,   8% used [0x054d0000, 0x054da990, 0x05550000)
  to   space 512K,   0% used [0x05450000, 0x05450000, 0x054d0000)
 tenured generation   total 10944K, used 945K [0x0a550000, 0x0b000000, 0x15000000)
   the space 10944K,   8% used [0x0a550000, 0x0a63c730, 0x0a63c800, 0x0b000000)
 Metaspace       used 565K, capacity 2760K, committed 2880K, reserved 4480K
}
Event: 126.276 GC heap before
{Heap before GC invocations=467 (full 0):
 def new generation   total 4928K, used 4458K [0x05000000, 0x05550000, 0x0a550000)
  eden space 4416K, 100% used [0x05000000, 0x05450000, 0x05450000)
  from space 512K,   8% used [0x054d0000, 0x054da990, 0x05550000)
  to   space 512K,   0% used [0x05450000, 0x05450000, 0x054d0000)
 tenured generation   total 10944K, used 945K [0x0a550000, 0x0b000000, 0x15000000)
   the space 10944K,   8% used [0x0a550000, 0x0a63c730, 0x0a63c800, 0x0b000000)
 Metaspace       used 565K, capacity 2760K, committed 2880K, reserved 4480K
Event: 126.276 GC heap after
Heap after GC invocations=468 (full 0):
 def new generation   total 4928K, used 40K [0x05000000, 0x05550000, 0x0a550000)
  eden space 4416K,   0% used [0x05000000, 0x05000000, 0x05450000)
  from space 512K,   7% used [0x05450000, 0x0545a128, 0x054d0000)
  to   space 512K,   0% used [0x054d0000, 0x054d0000, 0x05550000)
 tenured generation   total 10944K, used 945K [0x0a550000, 0x0b000000, 0x15000000)
   the space 10944K,   8% used [0x0a550000, 0x0a63c730, 0x0a63c800, 0x0b000000)
 Metaspace       used 565K, capacity 2760K, committed 2880K, reserved 4480K
}

