# JRE version: Java(TM) SE Runtime Environment (8.0_121-b13) (build 1.8.0_121-b13)
# Java VM: Java HotSpot(TM) Client VM (25.121-b13 mixed mode windows-x86 )
Heap:
 def new generation   total 4928K, used 2268K [0x05200000, 0x05750000, 0x0a750000)
  eden space 4416K,  49% used [0x05200000, 0x05427ee8, 0x05650000)
  from space 512K,  11% used [0x05650000, 0x0565f490, 0x056d0000)
  to   space 512K,   0% used [0x056d0000, 0x056d0000, 0x05750000)
 tenured generation   total 10944K, used 724K [0x0a750000, 0x0b200000, 0x15200000)
   the space 10944K,   6% used [0x0a750000, 0x0a805300, 0x0a805400, 0x0b200000)
 Metaspace       used 2289K, capacity 2760K, committed 2880K, reserved 4480K
GC Heap History (10 events):
Event: 135.124 GC heap before
{Heap before GC invocations=305 (full 0):
 def new generation   total 4928K, used 4483K [0x05200000, 0x05750000, 0x0a750000)
  eden space 4416K, 100% used [0x05200000, 0x05650000, 0x05650000)
  from space 512K,  13% used [0x056d0000, 0x056e0f60, 0x05750000)
  to   space 512K,   0% used [0x05650000, 0x05650000, 0x056d0000)
 tenured generation   total 10944K, used 716K [0x0a750000, 0x0b200000, 0x15200000)
   the space 10944K,   6% used [0x0a750000, 0x0a803180, 0x0a803200, 0x0b200000)
 Metaspace       used 2289K, capacity 2760K, committed 2880K, reserved 4480K
Event: 135.126 GC heap after
Heap after GC invocations=306 (full 0):
 def new generation   total 4928K, used 62K [0x05200000, 0x05750000, 0x0a750000)
  eden space 4416K,   0% used [0x05200000, 0x05200000, 0x05650000)
  from space 512K,  12% used [0x05650000, 0x0565f9a0, 0x056d0000)
  to   space 512K,   0% used [0x056d0000, 0x056d0000, 0x05750000)
 tenured generation   total 10944K, used 721K [0x0a750000, 0x0b200000, 0x15200000)
   the space 10944K,   6% used [0x0a750000, 0x0a8047a0, 0x0a804800, 0x0b200000)
 Metaspace       used 2289K, capacity 2760K, committed 2880K, reserved 4480K
}
Event: 135.511 GC heap before
{Heap before GC invocations=306 (full 0):
 def new generation   total 4928K, used 4478K [0x05200000, 0x05750000, 0x0a750000)
  eden space 4416K, 100% used [0x05200000, 0x05650000, 0x05650000)
  from space 512K,  12% used [0x05650000, 0x0565f9a0, 0x056d0000)
  to   space 512K,   0% used [0x056d0000, 0x056d0000, 0x05750000)
 tenured generation   total 10944K, used 721K [0x0a750000, 0x0b200000, 0x15200000)
   the space 10944K,   6% used [0x0a750000, 0x0a8047a0, 0x0a804800, 0x0b200000)
 Metaspace       used 2289K, capacity 2760K, committed 2880K, reserved 4480K
Event: 135.512 GC heap after
Heap after GC invocations=307 (full 0):
 def new generation   total 4928K, used 62K [0x05200000, 0x05750000, 0x0a750000)
  eden space 4416K,   0% used [0x05200000, 0x05200000, 0x05650000)
  from space 512K,  12% used [0x056d0000, 0x056df9c0, 0x05750000)
  to   space 512K,   0% used [0x05650000, 0x05650000, 0x056d0000)
 tenured generation   total 10944K, used 722K [0x0a750000, 0x0b200000, 0x15200000)
   the space 10944K,   6% used [0x0a750000, 0x0a8049a8, 0x0a804a00, 0x0b200000)
 Metaspace       used 2289K, capacity 2760K, committed 2880K, reserved 4480K
}
Event: 136.227 GC heap before
{Heap before GC invocations=307 (full 0):
 def new generation   total 4928K, used 4478K [0x05200000, 0x05750000, 0x0a750000)
  eden space 4416K, 100% used [0x05200000, 0x05650000, 0x05650000)
  from space 512K,  12% used [0x056d0000, 0x056df9c0, 0x05750000)
  to   space 512K,   0% used [0x05650000, 0x05650000, 0x056d0000)
 tenured generation   total 10944K, used 722K [0x0a750000, 0x0b200000, 0x15200000)
   the space 10944K,   6% used [0x0a750000, 0x0a8049a8, 0x0a804a00, 0x0b200000)
 Metaspace       used 2289K, capacity 2760K, committed 2880K, reserved 4480K
Event: 136.229 GC heap after
Heap after GC invocations=308 (full 0):
 def new generation   total 4928K, used 63K [0x05200000, 0x05750000, 0x0a750000)
  eden space 4416K,   0% used [0x05200000, 0x05200000, 0x05650000)
  from space 512K,  12% used [0x05650000, 0x0565fcc0, 0x056d0000)
  to   space 512K,   0% used [0x056d0000, 0x056d0000, 0x05750000)
 tenured generation   total 10944K, used 722K [0x0a750000, 0x0b200000, 0x15200000)
   the space 10944K,   6% used [0x0a750000, 0x0a804a70, 0x0a804c00, 0x0b200000)
 Metaspace       used 2289K, capacity 2760K, committed 2880K, reserved 4480K
}
Event: 137.185 GC heap before
{Heap before GC invocations=308 (full 0):
 def new generation   total 4928K, used 4479K [0x05200000, 0x05750000, 0x0a750000)
  eden space 4416K, 100% used [0x05200000, 0x05650000, 0x05650000)
  from space 512K,  12% used [0x05650000, 0x0565fcc0, 0x056d0000)
  to   space 512K,   0% used [0x056d0000, 0x056d0000, 0x05750000)
 tenured generation   total 10944K, used 722K [0x0a750000, 0x0b200000, 0x15200000)
   the space 10944K,   6% used [0x0a750000, 0x0a804a70, 0x0a804c00, 0x0b200000)
 Metaspace       used 2289K, capacity 2760K, committed 2880K, reserved 4480K
Event: 137.186 GC heap after
Heap after GC invocations=309 (full 0):
 def new generation   total 4928K, used 61K [0x05200000, 0x05750000, 0x0a750000)
  eden space 4416K,   0% used [0x05200000, 0x05200000, 0x05650000)
  from space 512K,  11% used [0x056d0000, 0x056df540, 0x05750000)
  to   space 512K,   0% used [0x05650000, 0x05650000, 0x056d0000)
 tenured generation   total 10944K, used 724K [0x0a750000, 0x0b200000, 0x15200000)
   the space 10944K,   6% used [0x0a750000, 0x0a8052d0, 0x0a805400, 0x0b200000)
 Metaspace       used 2289K, capacity 2760K, committed 2880K, reserved 4480K
}
Event: 138.174 GC heap before
{Heap before GC invocations=309 (full 0):
 def new generation   total 4928K, used 4477K [0x05200000, 0x05750000, 0x0a750000)
  eden space 4416K, 100% used [0x05200000, 0x05650000, 0x05650000)
  from space 512K,  11% used [0x056d0000, 0x056df540, 0x05750000)
  to   space 512K,   0% used [0x05650000, 0x05650000, 0x056d0000)
 tenured generation   total 10944K, used 724K [0x0a750000, 0x0b200000, 0x15200000)
   the space 10944K,   6% used [0x0a750000, 0x0a8052d0, 0x0a805400, 0x0b200000)
 Metaspace       used 2289K, capacity 2760K, committed 2880K, reserved 4480K
Event: 138.175 GC heap after
Heap after GC invocations=310 (full 0):
 def new generation   total 4928K, used 61K [0x05200000, 0x05750000, 0x0a750000)
  eden space 4416K,   0% used [0x05200000, 0x05200000, 0x05650000)
  from space 512K,  11% used [0x05650000, 0x0565f490, 0x056d0000)
  to   space 512K,   0% used [0x056d0000, 0x056d0000, 0x05750000)
 tenured generation   total 10944K, used 724K [0x0a750000, 0x0b200000, 0x15200000)
   the space 10944K,   6% used [0x0a750000, 0x0a805300, 0x0a805400, 0x0b200000)
 Metaspace       used 2289K, capacity 2760K, committed 2880K, reserved 4480K
}

