# JRE version: Java(TM) SE Runtime Environment (8.0_121-b13) (build 1.8.0_121-b13)
# Java VM: Java HotSpot(TM) Client VM (25.121-b13 mixed mode, sharing windows-x86 )
Heap:
 def new generation   total 4928K, used 3755K [0x04800000, 0x04d50000, 0x09d50000)
  eden space 4416K,  84% used [0x04800000, 0x04b9f638, 0x04c50000)
  from space 512K,   8% used [0x04c50000, 0x04c5b600, 0x04cd0000)
  to   space 512K,   0% used [0x04cd0000, 0x04cd0000, 0x04d50000)
 tenured generation   total 10944K, used 686K [0x09d50000, 0x0a800000, 0x14800000)
   the space 10944K,   6% used [0x09d50000, 0x09dfbae0, 0x09dfbc00, 0x0a800000)
 Metaspace       used 566K, capacity 2760K, committed 2880K, reserved 4480K
GC Heap History (10 events):
Event: 41.387 GC heap before
{Heap before GC invocations=163 (full 0):
 def new generation   total 4928K, used 4466K [0x04800000, 0x04d50000, 0x09d50000)
  eden space 4416K, 100% used [0x04800000, 0x04c50000, 0x04c50000)
  from space 512K,   9% used [0x04cd0000, 0x04cdc8f0, 0x04d50000)
  to   space 512K,   0% used [0x04c50000, 0x04c50000, 0x04cd0000)
 tenured generation   total 10944K, used 667K [0x09d50000, 0x0a800000, 0x14800000)
   the space 10944K,   6% used [0x09d50000, 0x09df6d78, 0x09df6e00, 0x0a800000)
 Metaspace       used 565K, capacity 2760K, committed 2880K, reserved 4480K
Event: 41.387 GC heap after
Heap after GC invocations=164 (full 0):
 def new generation   total 4928K, used 47K [0x04800000, 0x04d50000, 0x09d50000)
  eden space 4416K,   0% used [0x04800000, 0x04800000, 0x04c50000)
  from space 512K,   9% used [0x04c50000, 0x04c5bda0, 0x04cd0000)
  to   space 512K,   0% used [0x04cd0000, 0x04cd0000, 0x04d50000)
 tenured generation   total 10944K, used 668K [0x09d50000, 0x0a800000, 0x14800000)
   the space 10944K,   6% used [0x09d50000, 0x09df7050, 0x09df7200, 0x0a800000)
 Metaspace       used 565K, capacity 2760K, committed 2880K, reserved 4480K
}
Event: 41.532 GC heap before
{Heap before GC invocations=164 (full 0):
 def new generation   total 4928K, used 4463K [0x04800000, 0x04d50000, 0x09d50000)
  eden space 4416K, 100% used [0x04800000, 0x04c50000, 0x04c50000)
  from space 512K,   9% used [0x04c50000, 0x04c5bda0, 0x04cd0000)
  to   space 512K,   0% used [0x04cd0000, 0x04cd0000, 0x04d50000)
 tenured generation   total 10944K, used 668K [0x09d50000, 0x0a800000, 0x14800000)
   the space 10944K,   6% used [0x09d50000, 0x09df7050, 0x09df7200, 0x0a800000)
 Metaspace       used 565K, capacity 2760K, committed 2880K, reserved 4480K
Event: 41.532 GC heap after
Heap after GC invocations=165 (full 0):
 def new generation   total 4928K, used 49K [0x04800000, 0x04d50000, 0x09d50000)
  eden space 4416K,   0% used [0x04800000, 0x04800000, 0x04c50000)
  from space 512K,   9% used [0x04cd0000, 0x04cdc5f8, 0x04d50000)
  to   space 512K,   0% used [0x04c50000, 0x04c50000, 0x04cd0000)
 tenured generation   total 10944K, used 668K [0x09d50000, 0x0a800000, 0x14800000)
   the space 10944K,   6% used [0x09d50000, 0x09df72f0, 0x09df7400, 0x0a800000)
 Metaspace       used 565K, capacity 2760K, committed 2880K, reserved 4480K
}
Event: 41.683 GC heap before
{Heap before GC invocations=165 (full 0):
 def new generation   total 4928K, used 4465K [0x04800000, 0x04d50000, 0x09d50000)
  eden space 4416K, 100% used [0x04800000, 0x04c50000, 0x04c50000)
  from space 512K,   9% used [0x04cd0000, 0x04cdc5f8, 0x04d50000)
  to   space 512K,   0% used [0x04c50000, 0x04c50000, 0x04cd0000)
 tenured generation   total 10944K, used 668K [0x09d50000, 0x0a800000, 0x14800000)
   the space 10944K,   6% used [0x09d50000, 0x09df72f0, 0x09df7400, 0x0a800000)
 Metaspace       used 565K, capacity 2760K, committed 2880K, reserved 4480K
Event: 41.683 GC heap after
Heap after GC invocations=166 (full 0):
 def new generation   total 4928K, used 52K [0x04800000, 0x04d50000, 0x09d50000)
  eden space 4416K,   0% used [0x04800000, 0x04800000, 0x04c50000)
  from space 512K,  10% used [0x04c50000, 0x04c5d000, 0x04cd0000)
  to   space 512K,   0% used [0x04cd0000, 0x04cd0000, 0x04d50000)
 tenured generation   total 10944K, used 669K [0x09d50000, 0x0a800000, 0x14800000)
   the space 10944K,   6% used [0x09d50000, 0x09df75c8, 0x09df7600, 0x0a800000)
 Metaspace       used 565K, capacity 2760K, committed 2880K, reserved 4480K
}
Event: 41.860 GC heap before
{Heap before GC invocations=166 (full 0):
 def new generation   total 4928K, used 4468K [0x04800000, 0x04d50000, 0x09d50000)
  eden space 4416K, 100% used [0x04800000, 0x04c50000, 0x04c50000)
  from space 512K,  10% used [0x04c50000, 0x04c5d000, 0x04cd0000)
  to   space 512K,   0% used [0x04cd0000, 0x04cd0000, 0x04d50000)
 tenured generation   total 10944K, used 669K [0x09d50000, 0x0a800000, 0x14800000)
   the space 10944K,   6% used [0x09d50000, 0x09df75c8, 0x09df7600, 0x0a800000)
 Metaspace       used 566K, capacity 2760K, committed 2880K, reserved 4480K
Event: 41.860 GC heap after
Heap after GC invocations=167 (full 0):
 def new generation   total 4928K, used 46K [0x04800000, 0x04d50000, 0x09d50000)
  eden space 4416K,   0% used [0x04800000, 0x04800000, 0x04c50000)
  from space 512K,   9% used [0x04cd0000, 0x04cdb998, 0x04d50000)
  to   space 512K,   0% used [0x04c50000, 0x04c50000, 0x04cd0000)
 tenured generation   total 10944K, used 686K [0x09d50000, 0x0a800000, 0x14800000)
   the space 10944K,   6% used [0x09d50000, 0x09dfb8b0, 0x09dfba00, 0x0a800000)
 Metaspace       used 566K, capacity 2760K, committed 2880K, reserved 4480K
}
Event: 42.032 GC heap before
{Heap before GC invocations=167 (full 0):
 def new generation   total 4928K, used 4462K [0x04800000, 0x04d50000, 0x09d50000)
  eden space 4416K, 100% used [0x04800000, 0x04c50000, 0x04c50000)
  from space 512K,   9% used [0x04cd0000, 0x04cdb998, 0x04d50000)
  to   space 512K,   0% used [0x04c50000, 0x04c50000, 0x04cd0000)
 tenured generation   total 10944K, used 686K [0x09d50000, 0x0a800000, 0x14800000)
   the space 10944K,   6% used [0x09d50000, 0x09dfb8b0, 0x09dfba00, 0x0a800000)
 Metaspace       used 566K, capacity 2760K, committed 2880K, reserved 4480K
Event: 42.033 GC heap after
Heap after GC invocations=168 (full 0):
 def new generation   total 4928K, used 45K [0x04800000, 0x04d50000, 0x09d50000)
  eden space 4416K,   0% used [0x04800000, 0x04800000, 0x04c50000)
  from space 512K,   8% used [0x04c50000, 0x04c5b600, 0x04cd0000)
  to   space 512K,   0% used [0x04cd0000, 0x04cd0000, 0x04d50000)
 tenured generation   total 10944K, used 686K [0x09d50000, 0x0a800000, 0x14800000)
   the space 10944K,   6% used [0x09d50000, 0x09dfbae0, 0x09dfbc00, 0x0a800000)
 Metaspace       used 566K, capacity 2760K, committed 2880K, reserved 4480K
}

