# JRE version: Java(TM) SE Runtime Environment (7.0_79-b15) (build 1.7.0_79-b15)
# Java VM: Java HotSpot(TM) Client VM (24.79-b02 mixed mode, sharing windows-x86 )
Heap
 def new generation   total 4928K, used 3404K [0x24c00000, 0x25150000, 0x2a150000)
  eden space 4416K,  73% used [0x24c00000, 0x24f308c0, 0x25050000)
  from space 512K,  26% used [0x25050000, 0x25072870, 0x250d0000)
  to   space 512K,   0% used [0x250d0000, 0x250d0000, 0x25150000)
 tenured generation   total 10944K, used 1047K [0x2a150000, 0x2ac00000, 0x34c00000)
   the space 10944K,   9% used [0x2a150000, 0x2a255f38, 0x2a256000, 0x2ac00000)
 compacting perm gen  total 12288K, used 640K [0x34c00000, 0x35800000, 0x38c00000)
   the space 12288K,   5% used [0x34c00000, 0x34ca0058, 0x34ca0200, 0x35800000)
    ro space 10240K,  42% used [0x38c00000, 0x39036058, 0x39036200, 0x39600000)
    rw space 12288K,  51% used [0x39600000, 0x39c3bdb0, 0x39c3be00, 0x3a200000)
GC Heap History (10 events):
Event: 445.250 GC heap before
{Heap before GC invocations=959 (full 0):
 def new generation   total 4928K, used 4563K [0x24c00000, 0x25150000, 0x2a150000)
  eden space 4416K, 100% used [0x24c00000, 0x25050000, 0x25050000)
  from space 512K,  28% used [0x250d0000, 0x250f4e88, 0x25150000)
  to   space 512K,   0% used [0x25050000, 0x25050000, 0x250d0000)
 tenured generation   total 10944K, used 1037K [0x2a150000, 0x2ac00000, 0x34c00000)
   the space 10944K,   9% used [0x2a150000, 0x2a253778, 0x2a253800, 0x2ac00000)
 compacting perm gen  total 12288K, used 640K [0x34c00000, 0x35800000, 0x38c00000)
   the space 12288K,   5% used [0x34c00000, 0x34ca0058, 0x34ca0200, 0x35800000)
    ro space 10240K,  42% used [0x38c00000, 0x39036058, 0x39036200, 0x39600000)
    rw space 12288K,  51% used [0x39600000, 0x39c3bdb0, 0x39c3be00, 0x3a200000)
Event: 445.251 GC heap after
Heap after GC invocations=960 (full 0):
 def new generation   total 4928K, used 143K [0x24c00000, 0x25150000, 0x2a150000)
  eden space 4416K,   0% used [0x24c00000, 0x24c00000, 0x25050000)
  from space 512K,  28% used [0x25050000, 0x25073ee8, 0x250d0000)
  to   space 512K,   0% used [0x250d0000, 0x250d0000, 0x25150000)
 tenured generation   total 10944K, used 1041K [0x2a150000, 0x2ac00000, 0x34c00000)
   the space 10944K,   9% used [0x2a150000, 0x2a2547a0, 0x2a254800, 0x2ac00000)
 compacting perm gen  total 12288K, used 640K [0x34c00000, 0x35800000, 0x38c00000)
   the space 12288K,   5% used [0x34c00000, 0x34ca0058, 0x34ca0200, 0x35800000)
    ro space 10240K,  42% used [0x38c00000, 0x39036058, 0x39036200, 0x39600000)
    rw space 12288K,  51% used [0x39600000, 0x39c3bdb0, 0x39c3be00, 0x3a200000)
}
Event: 445.622 GC heap before
{Heap before GC invocations=960 (full 0):
 def new generation   total 4928K, used 4559K [0x24c00000, 0x25150000, 0x2a150000)
  eden space 4416K, 100% used [0x24c00000, 0x25050000, 0x25050000)
  from space 512K,  28% used [0x25050000, 0x25073ee8, 0x250d0000)
  to   space 512K,   0% used [0x250d0000, 0x250d0000, 0x25150000)
 tenured generation   total 10944K, used 1041K [0x2a150000, 0x2ac00000, 0x34c00000)
   the space 10944K,   9% used [0x2a150000, 0x2a2547a0, 0x2a254800, 0x2ac00000)
 compacting perm gen  total 12288K, used 640K [0x34c00000, 0x35800000, 0x38c00000)
   the space 12288K,   5% used [0x34c00000, 0x34ca0058, 0x34ca0200, 0x35800000)
    ro space 10240K,  42% used [0x38c00000, 0x39036058, 0x39036200, 0x39600000)
    rw space 12288K,  51% used [0x39600000, 0x39c3bdb0, 0x39c3be00, 0x3a200000)
Event: 445.623 GC heap after
Heap after GC invocations=961 (full 0):
 def new generation   total 4928K, used 141K [0x24c00000, 0x25150000, 0x2a150000)
  eden space 4416K,   0% used [0x24c00000, 0x24c00000, 0x25050000)
  from space 512K,  27% used [0x250d0000, 0x250f3538, 0x25150000)
  to   space 512K,   0% used [0x25050000, 0x25050000, 0x250d0000)
 tenured generation   total 10944K, used 1043K [0x2a150000, 0x2ac00000, 0x34c00000)
   the space 10944K,   9% used [0x2a150000, 0x2a254ca8, 0x2a254e00, 0x2ac00000)
 compacting perm gen  total 12288K, used 640K [0x34c00000, 0x35800000, 0x38c00000)
   the space 12288K,   5% used [0x34c00000, 0x34ca0058, 0x34ca0200, 0x35800000)
    ro space 10240K,  42% used [0x38c00000, 0x39036058, 0x39036200, 0x39600000)
    rw space 12288K,  51% used [0x39600000, 0x39c3bdb0, 0x39c3be00, 0x3a200000)
}
Event: 445.987 GC heap before
{Heap before GC invocations=961 (full 0):
 def new generation   total 4928K, used 4557K [0x24c00000, 0x25150000, 0x2a150000)
  eden space 4416K, 100% used [0x24c00000, 0x25050000, 0x25050000)
  from space 512K,  27% used [0x250d0000, 0x250f3538, 0x25150000)
  to   space 512K,   0% used [0x25050000, 0x25050000, 0x250d0000)
 tenured generation   total 10944K, used 1043K [0x2a150000, 0x2ac00000, 0x34c00000)
   the space 10944K,   9% used [0x2a150000, 0x2a254ca8, 0x2a254e00, 0x2ac00000)
 compacting perm gen  total 12288K, used 640K [0x34c00000, 0x35800000, 0x38c00000)
   the space 12288K,   5% used [0x34c00000, 0x34ca0058, 0x34ca0200, 0x35800000)
    ro space 10240K,  42% used [0x38c00000, 0x39036058, 0x39036200, 0x39600000)
    rw space 12288K,  51% used [0x39600000, 0x39c3bdb0, 0x39c3be00, 0x3a200000)
Event: 445.988 GC heap after
Heap after GC invocations=962 (full 0):
 def new generation   total 4928K, used 141K [0x24c00000, 0x25150000, 0x2a150000)
  eden space 4416K,   0% used [0x24c00000, 0x24c00000, 0x25050000)
  from space 512K,  27% used [0x25050000, 0x25073468, 0x250d0000)
  to   space 512K,   0% used [0x250d0000, 0x250d0000, 0x25150000)
 tenured generation   total 10944K, used 1043K [0x2a150000, 0x2ac00000, 0x34c00000)
   the space 10944K,   9% used [0x2a150000, 0x2a254e68, 0x2a255000, 0x2ac00000)
 compacting perm gen  total 12288K, used 640K [0x34c00000, 0x35800000, 0x38c00000)
   the space 12288K,   5% used [0x34c00000, 0x34ca0058, 0x34ca0200, 0x35800000)
    ro space 10240K,  42% used [0x38c00000, 0x39036058, 0x39036200, 0x39600000)
    rw space 12288K,  51% used [0x39600000, 0x39c3bdb0, 0x39c3be00, 0x3a200000)
}
Event: 446.392 GC heap before
{Heap before GC invocations=962 (full 0):
 def new generation   total 4928K, used 4557K [0x24c00000, 0x25150000, 0x2a150000)
  eden space 4416K, 100% used [0x24c00000, 0x25050000, 0x25050000)
  from space 512K,  27% used [0x25050000, 0x25073468, 0x250d0000)
  to   space 512K,   0% used [0x250d0000, 0x250d0000, 0x25150000)
 tenured generation   total 10944K, used 1043K [0x2a150000, 0x2ac00000, 0x34c00000)
   the space 10944K,   9% used [0x2a150000, 0x2a254e68, 0x2a255000, 0x2ac00000)
 compacting perm gen  total 12288K, used 640K [0x34c00000, 0x35800000, 0x38c00000)
   the space 12288K,   5% used [0x34c00000, 0x34ca0058, 0x34ca0200, 0x35800000)
    ro space 10240K,  42% used [0x38c00000, 0x39036058, 0x39036200, 0x39600000)
    rw space 12288K,  51% used [0x39600000, 0x39c3bdb0, 0x39c3be00, 0x3a200000)
Event: 446.393 GC heap after
Heap after GC invocations=963 (full 0):
 def new generation   total 4928K, used 141K [0x24c00000, 0x25150000, 0x2a150000)
  eden space 4416K,   0% used [0x24c00000, 0x24c00000, 0x25050000)
  from space 512K,  27% used [0x250d0000, 0x250f3530, 0x25150000)
  to   space 512K,   0% used [0x25050000, 0x25050000, 0x250d0000)
 tenured generation   total 10944K, used 1045K [0x2a150000, 0x2ac00000, 0x34c00000)
   the space 10944K,   9% used [0x2a150000, 0x2a2555a0, 0x2a255600, 0x2ac00000)
 compacting perm gen  total 12288K, used 640K [0x34c00000, 0x35800000, 0x38c00000)
   the space 12288K,   5% used [0x34c00000, 0x34ca0058, 0x34ca0200, 0x35800000)
    ro space 10240K,  42% used [0x38c00000, 0x39036058, 0x39036200, 0x39600000)
    rw space 12288K,  51% used [0x39600000, 0x39c3bdb0, 0x39c3be00, 0x3a200000)
}
Event: 446.789 GC heap before
{Heap before GC invocations=963 (full 0):
 def new generation   total 4928K, used 4557K [0x24c00000, 0x25150000, 0x2a150000)
  eden space 4416K, 100% used [0x24c00000, 0x25050000, 0x25050000)
  from space 512K,  27% used [0x250d0000, 0x250f3530, 0x25150000)
  to   space 512K,   0% used [0x25050000, 0x25050000, 0x250d0000)
 tenured generation   total 10944K, used 1045K [0x2a150000, 0x2ac00000, 0x34c00000)
   the space 10944K,   9% used [0x2a150000, 0x2a2555a0, 0x2a255600, 0x2ac00000)
 compacting perm gen  total 12288K, used 640K [0x34c00000, 0x35800000, 0x38c00000)
   the space 12288K,   5% used [0x34c00000, 0x34ca0058, 0x34ca0200, 0x35800000)
    ro space 10240K,  42% used [0x38c00000, 0x39036058, 0x39036200, 0x39600000)
    rw space 12288K,  51% used [0x39600000, 0x39c3bdb0, 0x39c3be00, 0x3a200000)
Event: 446.790 GC heap after
Heap after GC invocations=964 (full 0):
 def new generation   total 4928K, used 138K [0x24c00000, 0x25150000, 0x2a150000)
  eden space 4416K,   0% used [0x24c00000, 0x24c00000, 0x25050000)
  from space 512K,  26% used [0x25050000, 0x25072870, 0x250d0000)
  to   space 512K,   0% used [0x250d0000, 0x250d0000, 0x25150000)
 tenured generation   total 10944K, used 1047K [0x2a150000, 0x2ac00000, 0x34c00000)
   the space 10944K,   9% used [0x2a150000, 0x2a255f38, 0x2a256000, 0x2ac00000)
 compacting perm gen  total 12288K, used 640K [0x34c00000, 0x35800000, 0x38c00000)
   the space 12288K,   5% used [0x34c00000, 0x34ca0058, 0x34ca0200, 0x35800000)
    ro space 10240K,  42% used [0x38c00000, 0x39036058, 0x39036200, 0x39600000)
    rw space 12288K,  51% used [0x39600000, 0x39c3bdb0, 0x39c3be00, 0x3a200000)
}

