# JRE version: Java(TM) SE Runtime Environment (8.0_121-b13) (build 1.8.0_121-b13)
# Java VM: Java HotSpot(TM) Client VM (25.121-b13 mixed mode windows-x86 )
Heap:
 def new generation   total 4928K, used 1632K [0x05200000, 0x05750000, 0x0a750000)
  eden space 4416K,  36% used [0x05200000, 0x0538d728, 0x05650000)
  from space 512K,   8% used [0x05650000, 0x0565ac30, 0x056d0000)
  to   space 512K,   0% used [0x056d0000, 0x056d0000, 0x05750000)
 tenured generation   total 10944K, used 733K [0x0a750000, 0x0b200000, 0x15200000)
   the space 10944K,   6% used [0x0a750000, 0x0a807540, 0x0a807600, 0x0b200000)
 Metaspace       used 2280K, capacity 2760K, committed 2880K, reserved 4480K
GC Heap History (10 events):
Event: 129.052 GC heap before
{Heap before GC invocations=417 (full 0):
 def new generation   total 4928K, used 4459K [0x05200000, 0x05750000, 0x0a750000)
  eden space 4416K, 100% used [0x05200000, 0x05650000, 0x05650000)
  from space 512K,   8% used [0x056d0000, 0x056daca0, 0x05750000)
  to   space 512K,   0% used [0x05650000, 0x05650000, 0x056d0000)
 tenured generation   total 10944K, used 722K [0x0a750000, 0x0b200000, 0x15200000)
   the space 10944K,   6% used [0x0a750000, 0x0a804ab0, 0x0a804c00, 0x0b200000)
 Metaspace       used 2280K, capacity 2760K, committed 2880K, reserved 4480K
Event: 129.052 GC heap after
Heap after GC invocations=418 (full 0):
 def new generation   total 4928K, used 44K [0x05200000, 0x05750000, 0x0a750000)
  eden space 4416K,   0% used [0x05200000, 0x05200000, 0x05650000)
  from space 512K,   8% used [0x05650000, 0x0565b2e8, 0x056d0000)
  to   space 512K,   0% used [0x056d0000, 0x056d0000, 0x05750000)
 tenured generation   total 10944K, used 725K [0x0a750000, 0x0b200000, 0x15200000)
   the space 10944K,   6% used [0x0a750000, 0x0a805620, 0x0a805800, 0x0b200000)
 Metaspace       used 2280K, capacity 2760K, committed 2880K, reserved 4480K
}
Event: 129.250 GC heap before
{Heap before GC invocations=418 (full 0):
 def new generation   total 4928K, used 4460K [0x05200000, 0x05750000, 0x0a750000)
  eden space 4416K, 100% used [0x05200000, 0x05650000, 0x05650000)
  from space 512K,   8% used [0x05650000, 0x0565b2e8, 0x056d0000)
  to   space 512K,   0% used [0x056d0000, 0x056d0000, 0x05750000)
 tenured generation   total 10944K, used 725K [0x0a750000, 0x0b200000, 0x15200000)
   the space 10944K,   6% used [0x0a750000, 0x0a805620, 0x0a805800, 0x0b200000)
 Metaspace       used 2280K, capacity 2760K, committed 2880K, reserved 4480K
Event: 129.251 GC heap after
Heap after GC invocations=419 (full 0):
 def new generation   total 4928K, used 42K [0x05200000, 0x05750000, 0x0a750000)
  eden space 4416K,   0% used [0x05200000, 0x05200000, 0x05650000)
  from space 512K,   8% used [0x056d0000, 0x056da980, 0x05750000)
  to   space 512K,   0% used [0x05650000, 0x05650000, 0x056d0000)
 tenured generation   total 10944K, used 728K [0x0a750000, 0x0b200000, 0x15200000)
   the space 10944K,   6% used [0x0a750000, 0x0a8063d8, 0x0a806400, 0x0b200000)
 Metaspace       used 2280K, capacity 2760K, committed 2880K, reserved 4480K
}
Event: 129.452 GC heap before
{Heap before GC invocations=419 (full 0):
 def new generation   total 4928K, used 4458K [0x05200000, 0x05750000, 0x0a750000)
  eden space 4416K, 100% used [0x05200000, 0x05650000, 0x05650000)
  from space 512K,   8% used [0x056d0000, 0x056da980, 0x05750000)
  to   space 512K,   0% used [0x05650000, 0x05650000, 0x056d0000)
 tenured generation   total 10944K, used 728K [0x0a750000, 0x0b200000, 0x15200000)
   the space 10944K,   6% used [0x0a750000, 0x0a8063d8, 0x0a806400, 0x0b200000)
 Metaspace       used 2280K, capacity 2760K, committed 2880K, reserved 4480K
Event: 129.452 GC heap after
Heap after GC invocations=420 (full 0):
 def new generation   total 4928K, used 46K [0x05200000, 0x05750000, 0x0a750000)
  eden space 4416K,   0% used [0x05200000, 0x05200000, 0x05650000)
  from space 512K,   9% used [0x05650000, 0x0565b928, 0x056d0000)
  to   space 512K,   0% used [0x056d0000, 0x056d0000, 0x05750000)
 tenured generation   total 10944K, used 731K [0x0a750000, 0x0b200000, 0x15200000)
   the space 10944K,   6% used [0x0a750000, 0x0a806c40, 0x0a806e00, 0x0b200000)
 Metaspace       used 2280K, capacity 2760K, committed 2880K, reserved 4480K
}
Event: 129.650 GC heap before
{Heap before GC invocations=420 (full 0):
 def new generation   total 4928K, used 4462K [0x05200000, 0x05750000, 0x0a750000)
  eden space 4416K, 100% used [0x05200000, 0x05650000, 0x05650000)
  from space 512K,   9% used [0x05650000, 0x0565b928, 0x056d0000)
  to   space 512K,   0% used [0x056d0000, 0x056d0000, 0x05750000)
 tenured generation   total 10944K, used 731K [0x0a750000, 0x0b200000, 0x15200000)
   the space 10944K,   6% used [0x0a750000, 0x0a806c40, 0x0a806e00, 0x0b200000)
 Metaspace       used 2280K, capacity 2760K, committed 2880K, reserved 4480K
Event: 129.650 GC heap after
Heap after GC invocations=421 (full 0):
 def new generation   total 4928K, used 42K [0x05200000, 0x05750000, 0x0a750000)
  eden space 4416K,   0% used [0x05200000, 0x05200000, 0x05650000)
  from space 512K,   8% used [0x056d0000, 0x056dabd8, 0x05750000)
  to   space 512K,   0% used [0x05650000, 0x05650000, 0x056d0000)
 tenured generation   total 10944K, used 733K [0x0a750000, 0x0b200000, 0x15200000)
   the space 10944K,   6% used [0x0a750000, 0x0a807418, 0x0a807600, 0x0b200000)
 Metaspace       used 2280K, capacity 2760K, committed 2880K, reserved 4480K
}
Event: 129.850 GC heap before
{Heap before GC invocations=421 (full 0):
 def new generation   total 4928K, used 4458K [0x05200000, 0x05750000, 0x0a750000)
  eden space 4416K, 100% used [0x05200000, 0x05650000, 0x05650000)
  from space 512K,   8% used [0x056d0000, 0x056dabd8, 0x05750000)
  to   space 512K,   0% used [0x05650000, 0x05650000, 0x056d0000)
 tenured generation   total 10944K, used 733K [0x0a750000, 0x0b200000, 0x15200000)
   the space 10944K,   6% used [0x0a750000, 0x0a807418, 0x0a807600, 0x0b200000)
 Metaspace       used 2280K, capacity 2760K, committed 2880K, reserved 4480K
Event: 129.850 GC heap after
Heap after GC invocations=422 (full 0):
 def new generation   total 4928K, used 43K [0x05200000, 0x05750000, 0x0a750000)
  eden space 4416K,   0% used [0x05200000, 0x05200000, 0x05650000)
  from space 512K,   8% used [0x05650000, 0x0565ac30, 0x056d0000)
  to   space 512K,   0% used [0x056d0000, 0x056d0000, 0x05750000)
 tenured generation   total 10944K, used 733K [0x0a750000, 0x0b200000, 0x15200000)
   the space 10944K,   6% used [0x0a750000, 0x0a807540, 0x0a807600, 0x0b200000)
 Metaspace       used 2280K, capacity 2760K, committed 2880K, reserved 4480K
}

