# JRE version: Java(TM) SE Runtime Environment (8.0_121-b13) (build 1.8.0_121-b13)
# Java VM: Java HotSpot(TM) Client VM (25.121-b13 mixed mode windows-x86 )
Heap:
 def new generation   total 4928K, used 4455K [0x05200000, 0x05750000, 0x0a750000)
  eden space 4416K, 100% used [0x05200000, 0x05650000, 0x05650000)
  from space 512K,   7% used [0x05650000, 0x05659fe0, 0x056d0000)
  to   space 512K,   0% used [0x056d0000, 0x056d0000, 0x05750000)
 tenured generation   total 10944K, used 576K [0x0a750000, 0x0b200000, 0x15200000)
   the space 10944K,   5% used [0x0a750000, 0x0a7e0380, 0x0a7e0400, 0x0b200000)
 Metaspace       used 2284K, capacity 2760K, committed 2880K, reserved 4480K
GC Heap History (10 events):
Event: 48.872 GC heap before
{Heap before GC invocations=123 (full 0):
 def new generation   total 4928K, used 4441K [0x05200000, 0x05750000, 0x0a750000)
  eden space 4416K, 100% used [0x05200000, 0x05650000, 0x05650000)
  from space 512K,   4% used [0x056d0000, 0x056d6500, 0x05750000)
  to   space 512K,   0% used [0x05650000, 0x05650000, 0x056d0000)
 tenured generation   total 10944K, used 576K [0x0a750000, 0x0b200000, 0x15200000)
   the space 10944K,   5% used [0x0a750000, 0x0a7e0380, 0x0a7e0400, 0x0b200000)
 Metaspace       used 2284K, capacity 2760K, committed 2880K, reserved 4480K
Event: 48.872 GC heap after
Heap after GC invocations=124 (full 0):
 def new generation   total 4928K, used 25K [0x05200000, 0x05750000, 0x0a750000)
  eden space 4416K,   0% used [0x05200000, 0x05200000, 0x05650000)
  from space 512K,   5% used [0x05650000, 0x05656720, 0x056d0000)
  to   space 512K,   0% used [0x056d0000, 0x056d0000, 0x05750000)
 tenured generation   total 10944K, used 576K [0x0a750000, 0x0b200000, 0x15200000)
   the space 10944K,   5% used [0x0a750000, 0x0a7e0380, 0x0a7e0400, 0x0b200000)
 Metaspace       used 2284K, capacity 2760K, committed 2880K, reserved 4480K
}
Event: 49.044 GC heap before
{Heap before GC invocations=124 (full 0):
 def new generation   total 4928K, used 4441K [0x05200000, 0x05750000, 0x0a750000)
  eden space 4416K, 100% used [0x05200000, 0x05650000, 0x05650000)
  from space 512K,   5% used [0x05650000, 0x05656720, 0x056d0000)
  to   space 512K,   0% used [0x056d0000, 0x056d0000, 0x05750000)
 tenured generation   total 10944K, used 576K [0x0a750000, 0x0b200000, 0x15200000)
   the space 10944K,   5% used [0x0a750000, 0x0a7e0380, 0x0a7e0400, 0x0b200000)
 Metaspace       used 2284K, capacity 2760K, committed 2880K, reserved 4480K
Event: 49.044 GC heap after
Heap after GC invocations=125 (full 0):
 def new generation   total 4928K, used 24K [0x05200000, 0x05750000, 0x0a750000)
  eden space 4416K,   0% used [0x05200000, 0x05200000, 0x05650000)
  from space 512K,   4% used [0x056d0000, 0x056d62e8, 0x05750000)
  to   space 512K,   0% used [0x05650000, 0x05650000, 0x056d0000)
 tenured generation   total 10944K, used 576K [0x0a750000, 0x0b200000, 0x15200000)
   the space 10944K,   5% used [0x0a750000, 0x0a7e0380, 0x0a7e0400, 0x0b200000)
 Metaspace       used 2284K, capacity 2760K, committed 2880K, reserved 4480K
}
Event: 49.223 GC heap before
{Heap before GC invocations=125 (full 0):
 def new generation   total 4928K, used 4440K [0x05200000, 0x05750000, 0x0a750000)
  eden space 4416K, 100% used [0x05200000, 0x05650000, 0x05650000)
  from space 512K,   4% used [0x056d0000, 0x056d62e8, 0x05750000)
  to   space 512K,   0% used [0x05650000, 0x05650000, 0x056d0000)
 tenured generation   total 10944K, used 576K [0x0a750000, 0x0b200000, 0x15200000)
   the space 10944K,   5% used [0x0a750000, 0x0a7e0380, 0x0a7e0400, 0x0b200000)
 Metaspace       used 2284K, capacity 2760K, committed 2880K, reserved 4480K
Event: 49.224 GC heap after
Heap after GC invocations=126 (full 0):
 def new generation   total 4928K, used 28K [0x05200000, 0x05750000, 0x0a750000)
  eden space 4416K,   0% used [0x05200000, 0x05200000, 0x05650000)
  from space 512K,   5% used [0x05650000, 0x056573b0, 0x056d0000)
  to   space 512K,   0% used [0x056d0000, 0x056d0000, 0x05750000)
 tenured generation   total 10944K, used 576K [0x0a750000, 0x0b200000, 0x15200000)
   the space 10944K,   5% used [0x0a750000, 0x0a7e0380, 0x0a7e0400, 0x0b200000)
 Metaspace       used 2284K, capacity 2760K, committed 2880K, reserved 4480K
}
Event: 49.385 GC heap before
{Heap before GC invocations=126 (full 0):
 def new generation   total 4928K, used 4444K [0x05200000, 0x05750000, 0x0a750000)
  eden space 4416K, 100% used [0x05200000, 0x05650000, 0x05650000)
  from space 512K,   5% used [0x05650000, 0x056573b0, 0x056d0000)
  to   space 512K,   0% used [0x056d0000, 0x056d0000, 0x05750000)
 tenured generation   total 10944K, used 576K [0x0a750000, 0x0b200000, 0x15200000)
   the space 10944K,   5% used [0x0a750000, 0x0a7e0380, 0x0a7e0400, 0x0b200000)
 Metaspace       used 2284K, capacity 2760K, committed 2880K, reserved 4480K
Event: 49.386 GC heap after
Heap after GC invocations=127 (full 0):
 def new generation   total 4928K, used 37K [0x05200000, 0x05750000, 0x0a750000)
  eden space 4416K,   0% used [0x05200000, 0x05200000, 0x05650000)
  from space 512K,   7% used [0x056d0000, 0x056d9460, 0x05750000)
  to   space 512K,   0% used [0x05650000, 0x05650000, 0x056d0000)
 tenured generation   total 10944K, used 576K [0x0a750000, 0x0b200000, 0x15200000)
   the space 10944K,   5% used [0x0a750000, 0x0a7e0380, 0x0a7e0400, 0x0b200000)
 Metaspace       used 2284K, capacity 2760K, committed 2880K, reserved 4480K
}
Event: 49.564 GC heap before
{Heap before GC invocations=127 (full 0):
 def new generation   total 4928K, used 4453K [0x05200000, 0x05750000, 0x0a750000)
  eden space 4416K, 100% used [0x05200000, 0x05650000, 0x05650000)
  from space 512K,   7% used [0x056d0000, 0x056d9460, 0x05750000)
  to   space 512K,   0% used [0x05650000, 0x05650000, 0x056d0000)
 tenured generation   total 10944K, used 576K [0x0a750000, 0x0b200000, 0x15200000)
   the space 10944K,   5% used [0x0a750000, 0x0a7e0380, 0x0a7e0400, 0x0b200000)
 Metaspace       used 2284K, capacity 2760K, committed 2880K, reserved 4480K
Event: 49.564 GC heap after
Heap after GC invocations=128 (full 0):
 def new generation   total 4928K, used 39K [0x05200000, 0x05750000, 0x0a750000)
  eden space 4416K,   0% used [0x05200000, 0x05200000, 0x05650000)
  from space 512K,   7% used [0x05650000, 0x05659fe0, 0x056d0000)
  to   space 512K,   0% used [0x056d0000, 0x056d0000, 0x05750000)
 tenured generation   total 10944K, used 576K [0x0a750000, 0x0b200000, 0x15200000)
   the space 10944K,   5% used [0x0a750000, 0x0a7e0380, 0x0a7e0400, 0x0b200000)
 Metaspace       used 2284K, capacity 2760K, committed 2880K, reserved 4480K
}

