# JRE version: Java(TM) SE Runtime Environment (8.0_121-b13) (build 1.8.0_121-b13)
# Java VM: Java HotSpot(TM) Client VM (25.121-b13 mixed mode, sharing windows-x86 )
Heap:
 def new generation   total 4928K, used 407K [0x04800000, 0x04d50000, 0x09d50000)
  eden space 4416K,   8% used [0x04800000, 0x04858548, 0x04c50000)
  from space 512K,  10% used [0x04c50000, 0x04c5d7f0, 0x04cd0000)
  to   space 512K,   0% used [0x04cd0000, 0x04cd0000, 0x04d50000)
 tenured generation   total 10944K, used 738K [0x09d50000, 0x0a800000, 0x14800000)
   the space 10944K,   6% used [0x09d50000, 0x09e08b10, 0x09e08c00, 0x0a800000)
 Metaspace       used 565K, capacity 2760K, committed 2880K, reserved 4480K
GC Heap History (10 events):
Event: 78.585 GC heap before
{Heap before GC invocations=259 (full 0):
 def new generation   total 4928K, used 4472K [0x04800000, 0x04d50000, 0x09d50000)
  eden space 4416K, 100% used [0x04800000, 0x04c50000, 0x04c50000)
  from space 512K,  10% used [0x04cd0000, 0x04cde030, 0x04d50000)
  to   space 512K,   0% used [0x04c50000, 0x04c50000, 0x04cd0000)
 tenured generation   total 10944K, used 736K [0x09d50000, 0x0a800000, 0x14800000)
   the space 10944K,   6% used [0x09d50000, 0x09e08278, 0x09e08400, 0x0a800000)
 Metaspace       used 565K, capacity 2760K, committed 2880K, reserved 4480K
Event: 78.585 GC heap after
Heap after GC invocations=260 (full 0):
 def new generation   total 4928K, used 55K [0x04800000, 0x04d50000, 0x09d50000)
  eden space 4416K,   0% used [0x04800000, 0x04800000, 0x04c50000)
  from space 512K,  10% used [0x04c50000, 0x04c5de28, 0x04cd0000)
  to   space 512K,   0% used [0x04cd0000, 0x04cd0000, 0x04d50000)
 tenured generation   total 10944K, used 737K [0x09d50000, 0x0a800000, 0x14800000)
   the space 10944K,   6% used [0x09d50000, 0x09e08738, 0x09e08800, 0x0a800000)
 Metaspace       used 565K, capacity 2760K, committed 2880K, reserved 4480K
}
Event: 78.724 GC heap before
{Heap before GC invocations=260 (full 0):
 def new generation   total 4928K, used 4471K [0x04800000, 0x04d50000, 0x09d50000)
  eden space 4416K, 100% used [0x04800000, 0x04c50000, 0x04c50000)
  from space 512K,  10% used [0x04c50000, 0x04c5de28, 0x04cd0000)
  to   space 512K,   0% used [0x04cd0000, 0x04cd0000, 0x04d50000)
 tenured generation   total 10944K, used 737K [0x09d50000, 0x0a800000, 0x14800000)
   the space 10944K,   6% used [0x09d50000, 0x09e08738, 0x09e08800, 0x0a800000)
 Metaspace       used 565K, capacity 2760K, committed 2880K, reserved 4480K
Event: 78.725 GC heap after
Heap after GC invocations=261 (full 0):
 def new generation   total 4928K, used 55K [0x04800000, 0x04d50000, 0x09d50000)
  eden space 4416K,   0% used [0x04800000, 0x04800000, 0x04c50000)
  from space 512K,  10% used [0x04cd0000, 0x04cddf78, 0x04d50000)
  to   space 512K,   0% used [0x04c50000, 0x04c50000, 0x04cd0000)
 tenured generation   total 10944K, used 738K [0x09d50000, 0x0a800000, 0x14800000)
   the space 10944K,   6% used [0x09d50000, 0x09e08b00, 0x09e08c00, 0x0a800000)
 Metaspace       used 565K, capacity 2760K, committed 2880K, reserved 4480K
}
Event: 78.865 GC heap before
{Heap before GC invocations=261 (full 0):
 def new generation   total 4928K, used 4471K [0x04800000, 0x04d50000, 0x09d50000)
  eden space 4416K, 100% used [0x04800000, 0x04c50000, 0x04c50000)
  from space 512K,  10% used [0x04cd0000, 0x04cddf78, 0x04d50000)
  to   space 512K,   0% used [0x04c50000, 0x04c50000, 0x04cd0000)
 tenured generation   total 10944K, used 738K [0x09d50000, 0x0a800000, 0x14800000)
   the space 10944K,   6% used [0x09d50000, 0x09e08b00, 0x09e08c00, 0x0a800000)
 Metaspace       used 565K, capacity 2760K, committed 2880K, reserved 4480K
Event: 78.866 GC heap after
Heap after GC invocations=262 (full 0):
 def new generation   total 4928K, used 54K [0x04800000, 0x04d50000, 0x09d50000)
  eden space 4416K,   0% used [0x04800000, 0x04800000, 0x04c50000)
  from space 512K,  10% used [0x04c50000, 0x04c5db58, 0x04cd0000)
  to   space 512K,   0% used [0x04cd0000, 0x04cd0000, 0x04d50000)
 tenured generation   total 10944K, used 738K [0x09d50000, 0x0a800000, 0x14800000)
   the space 10944K,   6% used [0x09d50000, 0x09e08b00, 0x09e08c00, 0x0a800000)
 Metaspace       used 565K, capacity 2760K, committed 2880K, reserved 4480K
}
Event: 79.014 GC heap before
{Heap before GC invocations=262 (full 0):
 def new generation   total 4928K, used 4470K [0x04800000, 0x04d50000, 0x09d50000)
  eden space 4416K, 100% used [0x04800000, 0x04c50000, 0x04c50000)
  from space 512K,  10% used [0x04c50000, 0x04c5db58, 0x04cd0000)
  to   space 512K,   0% used [0x04cd0000, 0x04cd0000, 0x04d50000)
 tenured generation   total 10944K, used 738K [0x09d50000, 0x0a800000, 0x14800000)
   the space 10944K,   6% used [0x09d50000, 0x09e08b00, 0x09e08c00, 0x0a800000)
 Metaspace       used 565K, capacity 2760K, committed 2880K, reserved 4480K
Event: 79.015 GC heap after
Heap after GC invocations=263 (full 0):
 def new generation   total 4928K, used 54K [0x04800000, 0x04d50000, 0x09d50000)
  eden space 4416K,   0% used [0x04800000, 0x04800000, 0x04c50000)
  from space 512K,  10% used [0x04cd0000, 0x04cdd8e0, 0x04d50000)
  to   space 512K,   0% used [0x04c50000, 0x04c50000, 0x04cd0000)
 tenured generation   total 10944K, used 738K [0x09d50000, 0x0a800000, 0x14800000)
   the space 10944K,   6% used [0x09d50000, 0x09e08b00, 0x09e08c00, 0x0a800000)
 Metaspace       used 565K, capacity 2760K, committed 2880K, reserved 4480K
}
Event: 79.164 GC heap before
{Heap before GC invocations=263 (full 0):
 def new generation   total 4928K, used 4470K [0x04800000, 0x04d50000, 0x09d50000)
  eden space 4416K, 100% used [0x04800000, 0x04c50000, 0x04c50000)
  from space 512K,  10% used [0x04cd0000, 0x04cdd8e0, 0x04d50000)
  to   space 512K,   0% used [0x04c50000, 0x04c50000, 0x04cd0000)
 tenured generation   total 10944K, used 738K [0x09d50000, 0x0a800000, 0x14800000)
   the space 10944K,   6% used [0x09d50000, 0x09e08b00, 0x09e08c00, 0x0a800000)
 Metaspace       used 565K, capacity 2760K, committed 2880K, reserved 4480K
Event: 79.164 GC heap after
Heap after GC invocations=264 (full 0):
 def new generation   total 4928K, used 53K [0x04800000, 0x04d50000, 0x09d50000)
  eden space 4416K,   0% used [0x04800000, 0x04800000, 0x04c50000)
  from space 512K,  10% used [0x04c50000, 0x04c5d7f0, 0x04cd0000)
  to   space 512K,   0% used [0x04cd0000, 0x04cd0000, 0x04d50000)
 tenured generation   total 10944K, used 738K [0x09d50000, 0x0a800000, 0x14800000)
   the space 10944K,   6% used [0x09d50000, 0x09e08b10, 0x09e08c00, 0x0a800000)
 Metaspace       used 565K, capacity 2760K, committed 2880K, reserved 4480K
}

