# JRE version: Java(TM) SE Runtime Environment (7.0_79-b15) (build 1.7.0_79-b15)
# Java VM: Java HotSpot(TM) Client VM (24.79-b02 mixed mode, sharing windows-x86 )
Heap
 def new generation   total 4928K, used 1287K [0x24c00000, 0x25150000, 0x2a150000)
  eden space 4416K,  28% used [0x24c00000, 0x24d3e0f8, 0x25050000)
  from space 512K,   3% used [0x25050000, 0x25053ec0, 0x250d0000)
  to   space 512K,   0% used [0x250d0000, 0x250d0000, 0x25150000)
 tenured generation   total 10944K, used 594K [0x2a150000, 0x2ac00000, 0x34c00000)
   the space 10944K,   5% used [0x2a150000, 0x2a1e4ae8, 0x2a1e4c00, 0x2ac00000)
 compacting perm gen  total 12288K, used 636K [0x34c00000, 0x35800000, 0x38c00000)
   the space 12288K,   5% used [0x34c00000, 0x34c9f1f0, 0x34c9f200, 0x35800000)
    ro space 10240K,  42% used [0x38c00000, 0x39036058, 0x39036200, 0x39600000)
    rw space 12288K,  51% used [0x39600000, 0x39c3bdb0, 0x39c3be00, 0x3a200000)
GC Heap History (10 events):
Event: 379.273 GC heap before
{Heap before GC invocations=865 (full 0):
 def new generation   total 4928K, used 4431K [0x24c00000, 0x25150000, 0x2a150000)
  eden space 4416K, 100% used [0x24c00000, 0x25050000, 0x25050000)
  from space 512K,   2% used [0x250d0000, 0x250d3d08, 0x25150000)
  to   space 512K,   0% used [0x25050000, 0x25050000, 0x250d0000)
 tenured generation   total 10944K, used 590K [0x2a150000, 0x2ac00000, 0x34c00000)
   the space 10944K,   5% used [0x2a150000, 0x2a1e3af0, 0x2a1e3c00, 0x2ac00000)
 compacting perm gen  total 12288K, used 636K [0x34c00000, 0x35800000, 0x38c00000)
   the space 12288K,   5% used [0x34c00000, 0x34c9f1f0, 0x34c9f200, 0x35800000)
    ro space 10240K,  42% used [0x38c00000, 0x39036058, 0x39036200, 0x39600000)
    rw space 12288K,  51% used [0x39600000, 0x39c3bdb0, 0x39c3be00, 0x3a200000)
Event: 379.274 GC heap after
Heap after GC invocations=866 (full 0):
 def new generation   total 4928K, used 15K [0x24c00000, 0x25150000, 0x2a150000)
  eden space 4416K,   0% used [0x24c00000, 0x24c00000, 0x25050000)
  from space 512K,   2% used [0x25050000, 0x25053d58, 0x250d0000)
  to   space 512K,   0% used [0x250d0000, 0x250d0000, 0x25150000)
 tenured generation   total 10944K, used 590K [0x2a150000, 0x2ac00000, 0x34c00000)
   the space 10944K,   5% used [0x2a150000, 0x2a1e3af0, 0x2a1e3c00, 0x2ac00000)
 compacting perm gen  total 12288K, used 636K [0x34c00000, 0x35800000, 0x38c00000)
   the space 12288K,   5% used [0x34c00000, 0x34c9f1f0, 0x34c9f200, 0x35800000)
    ro space 10240K,  42% used [0x38c00000, 0x39036058, 0x39036200, 0x39600000)
    rw space 12288K,  51% used [0x39600000, 0x39c3bdb0, 0x39c3be00, 0x3a200000)
}
Event: 379.655 GC heap before
{Heap before GC invocations=866 (full 0):
 def new generation   total 4928K, used 4431K [0x24c00000, 0x25150000, 0x2a150000)
  eden space 4416K, 100% used [0x24c00000, 0x25050000, 0x25050000)
  from space 512K,   2% used [0x25050000, 0x25053d58, 0x250d0000)
  to   space 512K,   0% used [0x250d0000, 0x250d0000, 0x25150000)
 tenured generation   total 10944K, used 590K [0x2a150000, 0x2ac00000, 0x34c00000)
   the space 10944K,   5% used [0x2a150000, 0x2a1e3af0, 0x2a1e3c00, 0x2ac00000)
 compacting perm gen  total 12288K, used 636K [0x34c00000, 0x35800000, 0x38c00000)
   the space 12288K,   5% used [0x34c00000, 0x34c9f1f0, 0x34c9f200, 0x35800000)
    ro space 10240K,  42% used [0x38c00000, 0x39036058, 0x39036200, 0x39600000)
    rw space 12288K,  51% used [0x39600000, 0x39c3bdb0, 0x39c3be00, 0x3a200000)
Event: 379.655 GC heap after
Heap after GC invocations=867 (full 0):
 def new generation   total 4928K, used 12K [0x24c00000, 0x25150000, 0x2a150000)
  eden space 4416K,   0% used [0x24c00000, 0x24c00000, 0x25050000)
  from space 512K,   2% used [0x250d0000, 0x250d31d8, 0x25150000)
  to   space 512K,   0% used [0x25050000, 0x25050000, 0x250d0000)
 tenured generation   total 10944K, used 594K [0x2a150000, 0x2ac00000, 0x34c00000)
   the space 10944K,   5% used [0x2a150000, 0x2a1e4a08, 0x2a1e4c00, 0x2ac00000)
 compacting perm gen  total 12288K, used 636K [0x34c00000, 0x35800000, 0x38c00000)
   the space 12288K,   5% used [0x34c00000, 0x34c9f1f0, 0x34c9f200, 0x35800000)
    ro space 10240K,  42% used [0x38c00000, 0x39036058, 0x39036200, 0x39600000)
    rw space 12288K,  51% used [0x39600000, 0x39c3bdb0, 0x39c3be00, 0x3a200000)
}
Event: 380.350 GC heap before
{Heap before GC invocations=867 (full 0):
 def new generation   total 4928K, used 4428K [0x24c00000, 0x25150000, 0x2a150000)
  eden space 4416K, 100% used [0x24c00000, 0x25050000, 0x25050000)
  from space 512K,   2% used [0x250d0000, 0x250d31d8, 0x25150000)
  to   space 512K,   0% used [0x25050000, 0x25050000, 0x250d0000)
 tenured generation   total 10944K, used 594K [0x2a150000, 0x2ac00000, 0x34c00000)
   the space 10944K,   5% used [0x2a150000, 0x2a1e4a08, 0x2a1e4c00, 0x2ac00000)
 compacting perm gen  total 12288K, used 636K [0x34c00000, 0x35800000, 0x38c00000)
   the space 12288K,   5% used [0x34c00000, 0x34c9f1f0, 0x34c9f200, 0x35800000)
    ro space 10240K,  42% used [0x38c00000, 0x39036058, 0x39036200, 0x39600000)
    rw space 12288K,  51% used [0x39600000, 0x39c3bdb0, 0x39c3be00, 0x3a200000)
Event: 380.350 GC heap after
Heap after GC invocations=868 (full 0):
 def new generation   total 4928K, used 15K [0x24c00000, 0x25150000, 0x2a150000)
  eden space 4416K,   0% used [0x24c00000, 0x24c00000, 0x25050000)
  from space 512K,   2% used [0x25050000, 0x25053c58, 0x250d0000)
  to   space 512K,   0% used [0x250d0000, 0x250d0000, 0x25150000)
 tenured generation   total 10944K, used 594K [0x2a150000, 0x2ac00000, 0x34c00000)
   the space 10944K,   5% used [0x2a150000, 0x2a1e4a78, 0x2a1e4c00, 0x2ac00000)
 compacting perm gen  total 12288K, used 636K [0x34c00000, 0x35800000, 0x38c00000)
   the space 12288K,   5% used [0x34c00000, 0x34c9f1f0, 0x34c9f200, 0x35800000)
    ro space 10240K,  42% used [0x38c00000, 0x39036058, 0x39036200, 0x39600000)
    rw space 12288K,  51% used [0x39600000, 0x39c3bdb0, 0x39c3be00, 0x3a200000)
}
Event: 380.722 GC heap before
{Heap before GC invocations=868 (full 0):
 def new generation   total 4928K, used 4431K [0x24c00000, 0x25150000, 0x2a150000)
  eden space 4416K, 100% used [0x24c00000, 0x25050000, 0x25050000)
  from space 512K,   2% used [0x25050000, 0x25053c58, 0x250d0000)
  to   space 512K,   0% used [0x250d0000, 0x250d0000, 0x25150000)
 tenured generation   total 10944K, used 594K [0x2a150000, 0x2ac00000, 0x34c00000)
   the space 10944K,   5% used [0x2a150000, 0x2a1e4a78, 0x2a1e4c00, 0x2ac00000)
 compacting perm gen  total 12288K, used 636K [0x34c00000, 0x35800000, 0x38c00000)
   the space 12288K,   5% used [0x34c00000, 0x34c9f1f0, 0x34c9f200, 0x35800000)
    ro space 10240K,  42% used [0x38c00000, 0x39036058, 0x39036200, 0x39600000)
    rw space 12288K,  51% used [0x39600000, 0x39c3bdb0, 0x39c3be00, 0x3a200000)
Event: 380.722 GC heap after
Heap after GC invocations=869 (full 0):
 def new generation   total 4928K, used 16K [0x24c00000, 0x25150000, 0x2a150000)
  eden space 4416K,   0% used [0x24c00000, 0x24c00000, 0x25050000)
  from space 512K,   3% used [0x250d0000, 0x250d4128, 0x25150000)
  to   space 512K,   0% used [0x25050000, 0x25050000, 0x250d0000)
 tenured generation   total 10944K, used 594K [0x2a150000, 0x2ac00000, 0x34c00000)
   the space 10944K,   5% used [0x2a150000, 0x2a1e4a78, 0x2a1e4c00, 0x2ac00000)
 compacting perm gen  total 12288K, used 636K [0x34c00000, 0x35800000, 0x38c00000)
   the space 12288K,   5% used [0x34c00000, 0x34c9f1f0, 0x34c9f200, 0x35800000)
    ro space 10240K,  42% used [0x38c00000, 0x39036058, 0x39036200, 0x39600000)
    rw space 12288K,  51% used [0x39600000, 0x39c3bdb0, 0x39c3be00, 0x3a200000)
}
Event: 381.114 GC heap before
{Heap before GC invocations=869 (full 0):
 def new generation   total 4928K, used 4432K [0x24c00000, 0x25150000, 0x2a150000)
  eden space 4416K, 100% used [0x24c00000, 0x25050000, 0x25050000)
  from space 512K,   3% used [0x250d0000, 0x250d4128, 0x25150000)
  to   space 512K,   0% used [0x25050000, 0x25050000, 0x250d0000)
 tenured generation   total 10944K, used 594K [0x2a150000, 0x2ac00000, 0x34c00000)
   the space 10944K,   5% used [0x2a150000, 0x2a1e4a78, 0x2a1e4c00, 0x2ac00000)
 compacting perm gen  total 12288K, used 636K [0x34c00000, 0x35800000, 0x38c00000)
   the space 12288K,   5% used [0x34c00000, 0x34c9f1f0, 0x34c9f200, 0x35800000)
    ro space 10240K,  42% used [0x38c00000, 0x39036058, 0x39036200, 0x39600000)
    rw space 12288K,  51% used [0x39600000, 0x39c3bdb0, 0x39c3be00, 0x3a200000)
Event: 381.115 GC heap after
Heap after GC invocations=870 (full 0):
 def new generation   total 4928K, used 15K [0x24c00000, 0x25150000, 0x2a150000)
  eden space 4416K,   0% used [0x24c00000, 0x24c00000, 0x25050000)
  from space 512K,   3% used [0x25050000, 0x25053ec0, 0x250d0000)
  to   space 512K,   0% used [0x250d0000, 0x250d0000, 0x25150000)
 tenured generation   total 10944K, used 594K [0x2a150000, 0x2ac00000, 0x34c00000)
   the space 10944K,   5% used [0x2a150000, 0x2a1e4ae8, 0x2a1e4c00, 0x2ac00000)
 compacting perm gen  total 12288K, used 636K [0x34c00000, 0x35800000, 0x38c00000)
   the space 12288K,   5% used [0x34c00000, 0x34c9f1f0, 0x34c9f200, 0x35800000)
    ro space 10240K,  42% used [0x38c00000, 0x39036058, 0x39036200, 0x39600000)
    rw space 12288K,  51% used [0x39600000, 0x39c3bdb0, 0x39c3be00, 0x3a200000)
}

