# JRE version: Java(TM) SE Runtime Environment (8.0_121-b13) (build 1.8.0_121-b13)
# Java VM: Java HotSpot(TM) Client VM (25.121-b13 mixed mode, sharing windows-x86 )
Heap:
 def new generation   total 4928K, used 3389K [0x04600000, 0x04b50000, 0x09b50000)
  eden space 4416K,  76% used [0x04600000, 0x04947110, 0x04a50000)
  from space 512K,   6% used [0x04ad0000, 0x04ad8678, 0x04b50000)
  to   space 512K,   0% used [0x04a50000, 0x04a50000, 0x04ad0000)
 tenured generation   total 10944K, used 579K [0x09b50000, 0x0a600000, 0x14600000)
   the space 10944K,   5% used [0x09b50000, 0x09be0f98, 0x09be1000, 0x0a600000)
 Metaspace       used 563K, capacity 2760K, committed 2880K, reserved 4480K
GC Heap History (10 events):
Event: 44.933 GC heap before
{Heap before GC invocations=110 (full 0):
 def new generation   total 4928K, used 4445K [0x04600000, 0x04b50000, 0x09b50000)
  eden space 4416K, 100% used [0x04600000, 0x04a50000, 0x04a50000)
  from space 512K,   5% used [0x04a50000, 0x04a577c8, 0x04ad0000)
  to   space 512K,   0% used [0x04ad0000, 0x04ad0000, 0x04b50000)
 tenured generation   total 10944K, used 578K [0x09b50000, 0x0a600000, 0x14600000)
   the space 10944K,   5% used [0x09b50000, 0x09be0a48, 0x09be0c00, 0x0a600000)
 Metaspace       used 563K, capacity 2760K, committed 2880K, reserved 4480K
Event: 44.933 GC heap after
Heap after GC invocations=111 (full 0):
 def new generation   total 4928K, used 30K [0x04600000, 0x04b50000, 0x09b50000)
  eden space 4416K,   0% used [0x04600000, 0x04600000, 0x04a50000)
  from space 512K,   5% used [0x04ad0000, 0x04ad7850, 0x04b50000)
  to   space 512K,   0% used [0x04a50000, 0x04a50000, 0x04ad0000)
 tenured generation   total 10944K, used 578K [0x09b50000, 0x0a600000, 0x14600000)
   the space 10944K,   5% used [0x09b50000, 0x09be0a48, 0x09be0c00, 0x0a600000)
 Metaspace       used 563K, capacity 2760K, committed 2880K, reserved 4480K
}
Event: 45.120 GC heap before
{Heap before GC invocations=111 (full 0):
 def new generation   total 4928K, used 4446K [0x04600000, 0x04b50000, 0x09b50000)
  eden space 4416K, 100% used [0x04600000, 0x04a50000, 0x04a50000)
  from space 512K,   5% used [0x04ad0000, 0x04ad7850, 0x04b50000)
  to   space 512K,   0% used [0x04a50000, 0x04a50000, 0x04ad0000)
 tenured generation   total 10944K, used 578K [0x09b50000, 0x0a600000, 0x14600000)
   the space 10944K,   5% used [0x09b50000, 0x09be0a48, 0x09be0c00, 0x0a600000)
 Metaspace       used 563K, capacity 2760K, committed 2880K, reserved 4480K
Event: 45.121 GC heap after
Heap after GC invocations=112 (full 0):
 def new generation   total 4928K, used 30K [0x04600000, 0x04b50000, 0x09b50000)
  eden space 4416K,   0% used [0x04600000, 0x04600000, 0x04a50000)
  from space 512K,   5% used [0x04a50000, 0x04a57950, 0x04ad0000)
  to   space 512K,   0% used [0x04ad0000, 0x04ad0000, 0x04b50000)
 tenured generation   total 10944K, used 578K [0x09b50000, 0x0a600000, 0x14600000)
   the space 10944K,   5% used [0x09b50000, 0x09be0b78, 0x09be0c00, 0x0a600000)
 Metaspace       used 563K, capacity 2760K, committed 2880K, reserved 4480K
}
Event: 45.375 GC heap before
{Heap before GC invocations=112 (full 0):
 def new generation   total 4928K, used 4446K [0x04600000, 0x04b50000, 0x09b50000)
  eden space 4416K, 100% used [0x04600000, 0x04a50000, 0x04a50000)
  from space 512K,   5% used [0x04a50000, 0x04a57950, 0x04ad0000)
  to   space 512K,   0% used [0x04ad0000, 0x04ad0000, 0x04b50000)
 tenured generation   total 10944K, used 578K [0x09b50000, 0x0a600000, 0x14600000)
   the space 10944K,   5% used [0x09b50000, 0x09be0b78, 0x09be0c00, 0x0a600000)
 Metaspace       used 563K, capacity 2760K, committed 2880K, reserved 4480K
Event: 45.375 GC heap after
Heap after GC invocations=113 (full 0):
 def new generation   total 4928K, used 31K [0x04600000, 0x04b50000, 0x09b50000)
  eden space 4416K,   0% used [0x04600000, 0x04600000, 0x04a50000)
  from space 512K,   6% used [0x04ad0000, 0x04ad7de8, 0x04b50000)
  to   space 512K,   0% used [0x04a50000, 0x04a50000, 0x04ad0000)
 tenured generation   total 10944K, used 579K [0x09b50000, 0x0a600000, 0x14600000)
   the space 10944K,   5% used [0x09b50000, 0x09be0ca0, 0x09be0e00, 0x0a600000)
 Metaspace       used 563K, capacity 2760K, committed 2880K, reserved 4480K
}
Event: 45.612 GC heap before
{Heap before GC invocations=113 (full 0):
 def new generation   total 4928K, used 4447K [0x04600000, 0x04b50000, 0x09b50000)
  eden space 4416K, 100% used [0x04600000, 0x04a50000, 0x04a50000)
  from space 512K,   6% used [0x04ad0000, 0x04ad7de8, 0x04b50000)
  to   space 512K,   0% used [0x04a50000, 0x04a50000, 0x04ad0000)
 tenured generation   total 10944K, used 579K [0x09b50000, 0x0a600000, 0x14600000)
   the space 10944K,   5% used [0x09b50000, 0x09be0ca0, 0x09be0e00, 0x0a600000)
 Metaspace       used 563K, capacity 2760K, committed 2880K, reserved 4480K
Event: 45.612 GC heap after
Heap after GC invocations=114 (full 0):
 def new generation   total 4928K, used 30K [0x04600000, 0x04b50000, 0x09b50000)
  eden space 4416K,   0% used [0x04600000, 0x04600000, 0x04a50000)
  from space 512K,   6% used [0x04a50000, 0x04a57b98, 0x04ad0000)
  to   space 512K,   0% used [0x04ad0000, 0x04ad0000, 0x04b50000)
 tenured generation   total 10944K, used 579K [0x09b50000, 0x0a600000, 0x14600000)
   the space 10944K,   5% used [0x09b50000, 0x09be0f98, 0x09be1000, 0x0a600000)
 Metaspace       used 563K, capacity 2760K, committed 2880K, reserved 4480K
}
Event: 45.856 GC heap before
{Heap before GC invocations=114 (full 0):
 def new generation   total 4928K, used 4446K [0x04600000, 0x04b50000, 0x09b50000)
  eden space 4416K, 100% used [0x04600000, 0x04a50000, 0x04a50000)
  from space 512K,   6% used [0x04a50000, 0x04a57b98, 0x04ad0000)
  to   space 512K,   0% used [0x04ad0000, 0x04ad0000, 0x04b50000)
 tenured generation   total 10944K, used 579K [0x09b50000, 0x0a600000, 0x14600000)
   the space 10944K,   5% used [0x09b50000, 0x09be0f98, 0x09be1000, 0x0a600000)
 Metaspace       used 563K, capacity 2760K, committed 2880K, reserved 4480K
Event: 45.857 GC heap after
Heap after GC invocations=115 (full 0):
 def new generation   total 4928K, used 33K [0x04600000, 0x04b50000, 0x09b50000)
  eden space 4416K,   0% used [0x04600000, 0x04600000, 0x04a50000)
  from space 512K,   6% used [0x04ad0000, 0x04ad8678, 0x04b50000)
  to   space 512K,   0% used [0x04a50000, 0x04a50000, 0x04ad0000)
 tenured generation   total 10944K, used 579K [0x09b50000, 0x0a600000, 0x14600000)
   the space 10944K,   5% used [0x09b50000, 0x09be0f98, 0x09be1000, 0x0a600000)
 Metaspace       used 563K, capacity 2760K, committed 2880K, reserved 4480K
}

