# JRE version: Java(TM) SE Runtime Environment (8.0_121-b13) (build 1.8.0_121-b13)
# Java VM: Java HotSpot(TM) Client VM (25.121-b13 mixed mode, sharing windows-x86 )
Heap:
 def new generation   total 4928K, used 4455K [0x04400000, 0x04950000, 0x09950000)
  eden space 4416K, 100% used [0x04400000, 0x04850000, 0x04850000)
  from space 512K,   7% used [0x04850000, 0x04859d70, 0x048d0000)
  to   space 512K,   0% used [0x048d0000, 0x048d0000, 0x04950000)
 tenured generation   total 10944K, used 679K [0x09950000, 0x0a400000, 0x14400000)
   the space 10944K,   6% used [0x09950000, 0x099f9fe8, 0x099fa000, 0x0a400000)
 Metaspace       used 562K, capacity 2760K, committed 2880K, reserved 4480K
GC Heap History (10 events):
Event: 112.335 GC heap before
{Heap before GC invocations=421 (full 0):
 def new generation   total 4928K, used 4470K [0x04400000, 0x04950000, 0x09950000)
  eden space 4416K, 100% used [0x04400000, 0x04850000, 0x04850000)
  from space 512K,  10% used [0x048d0000, 0x048dda80, 0x04950000)
  to   space 512K,   0% used [0x04850000, 0x04850000, 0x048d0000)
 tenured generation   total 10944K, used 663K [0x09950000, 0x0a400000, 0x14400000)
   the space 10944K,   6% used [0x09950000, 0x099f5cf0, 0x099f5e00, 0x0a400000)
 Metaspace       used 562K, capacity 2760K, committed 2880K, reserved 4480K
Event: 112.336 GC heap after
Heap after GC invocations=422 (full 0):
 def new generation   total 4928K, used 48K [0x04400000, 0x04950000, 0x09950000)
  eden space 4416K,   0% used [0x04400000, 0x04400000, 0x04850000)
  from space 512K,   9% used [0x04850000, 0x0485c250, 0x048d0000)
  to   space 512K,   0% used [0x048d0000, 0x048d0000, 0x04950000)
 tenured generation   total 10944K, used 670K [0x09950000, 0x0a400000, 0x14400000)
   the space 10944K,   6% used [0x09950000, 0x099f78e0, 0x099f7a00, 0x0a400000)
 Metaspace       used 562K, capacity 2760K, committed 2880K, reserved 4480K
}
Event: 112.633 GC heap before
{Heap before GC invocations=422 (full 0):
 def new generation   total 4928K, used 4464K [0x04400000, 0x04950000, 0x09950000)
  eden space 4416K, 100% used [0x04400000, 0x04850000, 0x04850000)
  from space 512K,   9% used [0x04850000, 0x0485c250, 0x048d0000)
  to   space 512K,   0% used [0x048d0000, 0x048d0000, 0x04950000)
 tenured generation   total 10944K, used 670K [0x09950000, 0x0a400000, 0x14400000)
   the space 10944K,   6% used [0x09950000, 0x099f78e0, 0x099f7a00, 0x0a400000)
 Metaspace       used 562K, capacity 2760K, committed 2880K, reserved 4480K
Event: 112.633 GC heap after
Heap after GC invocations=423 (full 0):
 def new generation   total 4928K, used 45K [0x04400000, 0x04950000, 0x09950000)
  eden space 4416K,   0% used [0x04400000, 0x04400000, 0x04850000)
  from space 512K,   8% used [0x048d0000, 0x048db780, 0x04950000)
  to   space 512K,   0% used [0x04850000, 0x04850000, 0x048d0000)
 tenured generation   total 10944K, used 674K [0x09950000, 0x0a400000, 0x14400000)
   the space 10944K,   6% used [0x09950000, 0x099f8a60, 0x099f8c00, 0x0a400000)
 Metaspace       used 562K, capacity 2760K, committed 2880K, reserved 4480K
}
Event: 112.862 GC heap before
{Heap before GC invocations=423 (full 0):
 def new generation   total 4928K, used 4461K [0x04400000, 0x04950000, 0x09950000)
  eden space 4416K, 100% used [0x04400000, 0x04850000, 0x04850000)
  from space 512K,   8% used [0x048d0000, 0x048db780, 0x04950000)
  to   space 512K,   0% used [0x04850000, 0x04850000, 0x048d0000)
 tenured generation   total 10944K, used 674K [0x09950000, 0x0a400000, 0x14400000)
   the space 10944K,   6% used [0x09950000, 0x099f8a60, 0x099f8c00, 0x0a400000)
 Metaspace       used 562K, capacity 2760K, committed 2880K, reserved 4480K
Event: 112.863 GC heap after
Heap after GC invocations=424 (full 0):
 def new generation   total 4928K, used 43K [0x04400000, 0x04950000, 0x09950000)
  eden space 4416K,   0% used [0x04400000, 0x04400000, 0x04850000)
  from space 512K,   8% used [0x04850000, 0x0485add0, 0x048d0000)
  to   space 512K,   0% used [0x048d0000, 0x048d0000, 0x04950000)
 tenured generation   total 10944K, used 675K [0x09950000, 0x0a400000, 0x14400000)
   the space 10944K,   6% used [0x09950000, 0x099f8f30, 0x099f9000, 0x0a400000)
 Metaspace       used 562K, capacity 2760K, committed 2880K, reserved 4480K
}
Event: 113.076 GC heap before
{Heap before GC invocations=424 (full 0):
 def new generation   total 4928K, used 4459K [0x04400000, 0x04950000, 0x09950000)
  eden space 4416K, 100% used [0x04400000, 0x04850000, 0x04850000)
  from space 512K,   8% used [0x04850000, 0x0485add0, 0x048d0000)
  to   space 512K,   0% used [0x048d0000, 0x048d0000, 0x04950000)
 tenured generation   total 10944K, used 675K [0x09950000, 0x0a400000, 0x14400000)
   the space 10944K,   6% used [0x09950000, 0x099f8f30, 0x099f9000, 0x0a400000)
 Metaspace       used 562K, capacity 2760K, committed 2880K, reserved 4480K
Event: 113.076 GC heap after
Heap after GC invocations=425 (full 0):
 def new generation   total 4928K, used 44K [0x04400000, 0x04950000, 0x09950000)
  eden space 4416K,   0% used [0x04400000, 0x04400000, 0x04850000)
  from space 512K,   8% used [0x048d0000, 0x048db1a8, 0x04950000)
  to   space 512K,   0% used [0x04850000, 0x04850000, 0x048d0000)
 tenured generation   total 10944K, used 676K [0x09950000, 0x0a400000, 0x14400000)
   the space 10944K,   6% used [0x09950000, 0x099f90a8, 0x099f9200, 0x0a400000)
 Metaspace       used 562K, capacity 2760K, committed 2880K, reserved 4480K
}
Event: 113.262 GC heap before
{Heap before GC invocations=425 (full 0):
 def new generation   total 4928K, used 4460K [0x04400000, 0x04950000, 0x09950000)
  eden space 4416K, 100% used [0x04400000, 0x04850000, 0x04850000)
  from space 512K,   8% used [0x048d0000, 0x048db1a8, 0x04950000)
  to   space 512K,   0% used [0x04850000, 0x04850000, 0x048d0000)
 tenured generation   total 10944K, used 676K [0x09950000, 0x0a400000, 0x14400000)
   the space 10944K,   6% used [0x09950000, 0x099f90a8, 0x099f9200, 0x0a400000)
 Metaspace       used 562K, capacity 2760K, committed 2880K, reserved 4480K
Event: 113.263 GC heap after
Heap after GC invocations=426 (full 0):
 def new generation   total 4928K, used 39K [0x04400000, 0x04950000, 0x09950000)
  eden space 4416K,   0% used [0x04400000, 0x04400000, 0x04850000)
  from space 512K,   7% used [0x04850000, 0x04859d70, 0x048d0000)
  to   space 512K,   0% used [0x048d0000, 0x048d0000, 0x04950000)
 tenured generation   total 10944K, used 679K [0x09950000, 0x0a400000, 0x14400000)
   the space 10944K,   6% used [0x09950000, 0x099f9fe8, 0x099fa000, 0x0a400000)
 Metaspace       used 562K, capacity 2760K, committed 2880K, reserved 4480K
}

