# JRE version: Java(TM) SE Runtime Environment (8.0_121-b13) (build 1.8.0_121-b13)
# Java VM: Java HotSpot(TM) Client VM (25.121-b13 mixed mode, sharing windows-x86 )
Heap:
 def new generation   total 4928K, used 1912K [0x05000000, 0x05550000, 0x0a550000)
  eden space 4416K,  42% used [0x05000000, 0x051cfb90, 0x05450000)
  from space 512K,  11% used [0x05450000, 0x0545e728, 0x054d0000)
  to   space 512K,   0% used [0x054d0000, 0x054d0000, 0x05550000)
 tenured generation   total 10944K, used 691K [0x0a550000, 0x0b000000, 0x15000000)
   the space 10944K,   6% used [0x0a550000, 0x0a5fcd50, 0x0a5fce00, 0x0b000000)
 Metaspace       used 570K, capacity 2760K, committed 2880K, reserved 4480K
GC Heap History (10 events):
Event: 126.055 GC heap before
{Heap before GC invocations=303 (full 0):
 def new generation   total 4928K, used 4478K [0x05000000, 0x05550000, 0x0a550000)
  eden space 4416K, 100% used [0x05000000, 0x05450000, 0x05450000)
  from space 512K,  12% used [0x054d0000, 0x054df8c8, 0x05550000)
  to   space 512K,   0% used [0x05450000, 0x05450000, 0x054d0000)
 tenured generation   total 10944K, used 685K [0x0a550000, 0x0b000000, 0x15000000)
   the space 10944K,   6% used [0x0a550000, 0x0a5fb508, 0x0a5fb600, 0x0b000000)
 Metaspace       used 570K, capacity 2760K, committed 2880K, reserved 4480K
Event: 126.055 GC heap after
Heap after GC invocations=304 (full 0):
 def new generation   total 4928K, used 61K [0x05000000, 0x05550000, 0x0a550000)
  eden space 4416K,   0% used [0x05000000, 0x05000000, 0x05450000)
  from space 512K,  12% used [0x05450000, 0x0545f5c8, 0x054d0000)
  to   space 512K,   0% used [0x054d0000, 0x054d0000, 0x05550000)
 tenured generation   total 10944K, used 686K [0x0a550000, 0x0b000000, 0x15000000)
   the space 10944K,   6% used [0x0a550000, 0x0a5fb9f0, 0x0a5fba00, 0x0b000000)
 Metaspace       used 570K, capacity 2760K, committed 2880K, reserved 4480K
}
Event: 126.432 GC heap before
{Heap before GC invocations=304 (full 0):
 def new generation   total 4928K, used 4477K [0x05000000, 0x05550000, 0x0a550000)
  eden space 4416K, 100% used [0x05000000, 0x05450000, 0x05450000)
  from space 512K,  12% used [0x05450000, 0x0545f5c8, 0x054d0000)
  to   space 512K,   0% used [0x054d0000, 0x054d0000, 0x05550000)
 tenured generation   total 10944K, used 686K [0x0a550000, 0x0b000000, 0x15000000)
   the space 10944K,   6% used [0x0a550000, 0x0a5fb9f0, 0x0a5fba00, 0x0b000000)
 Metaspace       used 570K, capacity 2760K, committed 2880K, reserved 4480K
Event: 126.433 GC heap after
Heap after GC invocations=305 (full 0):
 def new generation   total 4928K, used 61K [0x05000000, 0x05550000, 0x0a550000)
  eden space 4416K,   0% used [0x05000000, 0x05000000, 0x05450000)
  from space 512K,  12% used [0x054d0000, 0x054df770, 0x05550000)
  to   space 512K,   0% used [0x05450000, 0x05450000, 0x054d0000)
 tenured generation   total 10944K, used 686K [0x0a550000, 0x0b000000, 0x15000000)
   the space 10944K,   6% used [0x0a550000, 0x0a5fba80, 0x0a5fbc00, 0x0b000000)
 Metaspace       used 570K, capacity 2760K, committed 2880K, reserved 4480K
}
Event: 126.849 GC heap before
{Heap before GC invocations=305 (full 0):
 def new generation   total 4928K, used 4477K [0x05000000, 0x05550000, 0x0a550000)
  eden space 4416K, 100% used [0x05000000, 0x05450000, 0x05450000)
  from space 512K,  12% used [0x054d0000, 0x054df770, 0x05550000)
  to   space 512K,   0% used [0x05450000, 0x05450000, 0x054d0000)
 tenured generation   total 10944K, used 686K [0x0a550000, 0x0b000000, 0x15000000)
   the space 10944K,   6% used [0x0a550000, 0x0a5fba80, 0x0a5fbc00, 0x0b000000)
 Metaspace       used 570K, capacity 2760K, committed 2880K, reserved 4480K
Event: 126.849 GC heap after
Heap after GC invocations=306 (full 0):
 def new generation   total 4928K, used 61K [0x05000000, 0x05550000, 0x0a550000)
  eden space 4416K,   0% used [0x05000000, 0x05000000, 0x05450000)
  from space 512K,  12% used [0x05450000, 0x0545f758, 0x054d0000)
  to   space 512K,   0% used [0x054d0000, 0x054d0000, 0x05550000)
 tenured generation   total 10944K, used 686K [0x0a550000, 0x0b000000, 0x15000000)
   the space 10944K,   6% used [0x0a550000, 0x0a5fba98, 0x0a5fbc00, 0x0b000000)
 Metaspace       used 570K, capacity 2760K, committed 2880K, reserved 4480K
}
Event: 127.250 GC heap before
{Heap before GC invocations=306 (full 0):
 def new generation   total 4928K, used 4477K [0x05000000, 0x05550000, 0x0a550000)
  eden space 4416K, 100% used [0x05000000, 0x05450000, 0x05450000)
  from space 512K,  12% used [0x05450000, 0x0545f758, 0x054d0000)
  to   space 512K,   0% used [0x054d0000, 0x054d0000, 0x05550000)
 tenured generation   total 10944K, used 686K [0x0a550000, 0x0b000000, 0x15000000)
   the space 10944K,   6% used [0x0a550000, 0x0a5fba98, 0x0a5fbc00, 0x0b000000)
 Metaspace       used 570K, capacity 2760K, committed 2880K, reserved 4480K
Event: 127.250 GC heap after
Heap after GC invocations=307 (full 0):
 def new generation   total 4928K, used 61K [0x05000000, 0x05550000, 0x0a550000)
  eden space 4416K,   0% used [0x05000000, 0x05000000, 0x05450000)
  from space 512K,  12% used [0x054d0000, 0x054df7d8, 0x05550000)
  to   space 512K,   0% used [0x05450000, 0x05450000, 0x054d0000)
 tenured generation   total 10944K, used 686K [0x0a550000, 0x0b000000, 0x15000000)
   the space 10944K,   6% used [0x0a550000, 0x0a5fbb48, 0x0a5fbc00, 0x0b000000)
 Metaspace       used 570K, capacity 2760K, committed 2880K, reserved 4480K
}
Event: 127.799 GC heap before
{Heap before GC invocations=307 (full 0):
 def new generation   total 4928K, used 4477K [0x05000000, 0x05550000, 0x0a550000)
  eden space 4416K, 100% used [0x05000000, 0x05450000, 0x05450000)
  from space 512K,  12% used [0x054d0000, 0x054df7d8, 0x05550000)
  to   space 512K,   0% used [0x05450000, 0x05450000, 0x054d0000)
 tenured generation   total 10944K, used 686K [0x0a550000, 0x0b000000, 0x15000000)
   the space 10944K,   6% used [0x0a550000, 0x0a5fbb48, 0x0a5fbc00, 0x0b000000)
 Metaspace       used 570K, capacity 2760K, committed 2880K, reserved 4480K
Event: 127.800 GC heap after
Heap after GC invocations=308 (full 0):
 def new generation   total 4928K, used 57K [0x05000000, 0x05550000, 0x0a550000)
  eden space 4416K,   0% used [0x05000000, 0x05000000, 0x05450000)
  from space 512K,  11% used [0x05450000, 0x0545e728, 0x054d0000)
  to   space 512K,   0% used [0x054d0000, 0x054d0000, 0x05550000)
 tenured generation   total 10944K, used 691K [0x0a550000, 0x0b000000, 0x15000000)
   the space 10944K,   6% used [0x0a550000, 0x0a5fcd50, 0x0a5fce00, 0x0b000000)
 Metaspace       used 570K, capacity 2760K, committed 2880K, reserved 4480K
}

