# JRE version: Java(TM) SE Runtime Environment (8.0_121-b13) (build 1.8.0_121-b13)
# Java VM: Java HotSpot(TM) Client VM (25.121-b13 mixed mode, sharing windows-x86 )
Heap:
 def new generation   total 4928K, used 1907K [0x04e00000, 0x05350000, 0x0a350000)
  eden space 4416K,  42% used [0x04e00000, 0x04fcfaf8, 0x05250000)
  from space 512K,  10% used [0x052d0000, 0x052dd2a0, 0x05350000)
  to   space 512K,   0% used [0x05250000, 0x05250000, 0x052d0000)
 tenured generation   total 10944K, used 728K [0x0a350000, 0x0ae00000, 0x14e00000)
   the space 10944K,   6% used [0x0a350000, 0x0a4062d8, 0x0a406400, 0x0ae00000)
 Metaspace       used 563K, capacity 2760K, committed 2880K, reserved 4480K
GC Heap History (10 events):
Event: 113.209 GC heap before
{Heap before GC invocations=436 (full 0):
 def new generation   total 4928K, used 4472K [0x04e00000, 0x05350000, 0x0a350000)
  eden space 4416K, 100% used [0x04e00000, 0x05250000, 0x05250000)
  from space 512K,  11% used [0x05250000, 0x0525e158, 0x052d0000)
  to   space 512K,   0% used [0x052d0000, 0x052d0000, 0x05350000)
 tenured generation   total 10944K, used 722K [0x0a350000, 0x0ae00000, 0x14e00000)
   the space 10944K,   6% used [0x0a350000, 0x0a404840, 0x0a404a00, 0x0ae00000)
 Metaspace       used 563K, capacity 2760K, committed 2880K, reserved 4480K
Event: 113.210 GC heap after
Heap after GC invocations=437 (full 0):
 def new generation   total 4928K, used 58K [0x04e00000, 0x05350000, 0x0a350000)
  eden space 4416K,   0% used [0x04e00000, 0x04e00000, 0x05250000)
  from space 512K,  11% used [0x052d0000, 0x052dea40, 0x05350000)
  to   space 512K,   0% used [0x05250000, 0x05250000, 0x052d0000)
 tenured generation   total 10944K, used 722K [0x0a350000, 0x0ae00000, 0x14e00000)
   the space 10944K,   6% used [0x0a350000, 0x0a404840, 0x0a404a00, 0x0ae00000)
 Metaspace       used 563K, capacity 2760K, committed 2880K, reserved 4480K
}
Event: 113.391 GC heap before
{Heap before GC invocations=437 (full 0):
 def new generation   total 4928K, used 4474K [0x04e00000, 0x05350000, 0x0a350000)
  eden space 4416K, 100% used [0x04e00000, 0x05250000, 0x05250000)
  from space 512K,  11% used [0x052d0000, 0x052dea40, 0x05350000)
  to   space 512K,   0% used [0x05250000, 0x05250000, 0x052d0000)
 tenured generation   total 10944K, used 722K [0x0a350000, 0x0ae00000, 0x14e00000)
   the space 10944K,   6% used [0x0a350000, 0x0a404840, 0x0a404a00, 0x0ae00000)
 Metaspace       used 563K, capacity 2760K, committed 2880K, reserved 4480K
Event: 113.392 GC heap after
Heap after GC invocations=438 (full 0):
 def new generation   total 4928K, used 59K [0x04e00000, 0x05350000, 0x0a350000)
  eden space 4416K,   0% used [0x04e00000, 0x04e00000, 0x05250000)
  from space 512K,  11% used [0x05250000, 0x0525ed18, 0x052d0000)
  to   space 512K,   0% used [0x052d0000, 0x052d0000, 0x05350000)
 tenured generation   total 10944K, used 723K [0x0a350000, 0x0ae00000, 0x14e00000)
   the space 10944K,   6% used [0x0a350000, 0x0a404e88, 0x0a405000, 0x0ae00000)
 Metaspace       used 563K, capacity 2760K, committed 2880K, reserved 4480K
}
Event: 113.601 GC heap before
{Heap before GC invocations=438 (full 0):
 def new generation   total 4928K, used 4475K [0x04e00000, 0x05350000, 0x0a350000)
  eden space 4416K, 100% used [0x04e00000, 0x05250000, 0x05250000)
  from space 512K,  11% used [0x05250000, 0x0525ed18, 0x052d0000)
  to   space 512K,   0% used [0x052d0000, 0x052d0000, 0x05350000)
 tenured generation   total 10944K, used 723K [0x0a350000, 0x0ae00000, 0x14e00000)
   the space 10944K,   6% used [0x0a350000, 0x0a404e88, 0x0a405000, 0x0ae00000)
 Metaspace       used 563K, capacity 2760K, committed 2880K, reserved 4480K
Event: 113.603 GC heap after
Heap after GC invocations=439 (full 0):
 def new generation   total 4928K, used 57K [0x04e00000, 0x05350000, 0x0a350000)
  eden space 4416K,   0% used [0x04e00000, 0x04e00000, 0x05250000)
  from space 512K,  11% used [0x052d0000, 0x052de508, 0x05350000)
  to   space 512K,   0% used [0x05250000, 0x05250000, 0x052d0000)
 tenured generation   total 10944K, used 725K [0x0a350000, 0x0ae00000, 0x14e00000)
   the space 10944K,   6% used [0x0a350000, 0x0a405708, 0x0a405800, 0x0ae00000)
 Metaspace       used 563K, capacity 2760K, committed 2880K, reserved 4480K
}
Event: 113.865 GC heap before
{Heap before GC invocations=439 (full 0):
 def new generation   total 4928K, used 4473K [0x04e00000, 0x05350000, 0x0a350000)
  eden space 4416K, 100% used [0x04e00000, 0x05250000, 0x05250000)
  from space 512K,  11% used [0x052d0000, 0x052de508, 0x05350000)
  to   space 512K,   0% used [0x05250000, 0x05250000, 0x052d0000)
 tenured generation   total 10944K, used 725K [0x0a350000, 0x0ae00000, 0x14e00000)
   the space 10944K,   6% used [0x0a350000, 0x0a405708, 0x0a405800, 0x0ae00000)
 Metaspace       used 563K, capacity 2760K, committed 2880K, reserved 4480K
Event: 113.865 GC heap after
Heap after GC invocations=440 (full 0):
 def new generation   total 4928K, used 55K [0x04e00000, 0x05350000, 0x0a350000)
  eden space 4416K,   0% used [0x04e00000, 0x04e00000, 0x05250000)
  from space 512K,  10% used [0x05250000, 0x0525df28, 0x052d0000)
  to   space 512K,   0% used [0x052d0000, 0x052d0000, 0x05350000)
 tenured generation   total 10944K, used 727K [0x0a350000, 0x0ae00000, 0x14e00000)
   the space 10944K,   6% used [0x0a350000, 0x0a405cc0, 0x0a405e00, 0x0ae00000)
 Metaspace       used 563K, capacity 2760K, committed 2880K, reserved 4480K
}
Event: 114.050 GC heap before
{Heap before GC invocations=440 (full 0):
 def new generation   total 4928K, used 4471K [0x04e00000, 0x05350000, 0x0a350000)
  eden space 4416K, 100% used [0x04e00000, 0x05250000, 0x05250000)
  from space 512K,  10% used [0x05250000, 0x0525df28, 0x052d0000)
  to   space 512K,   0% used [0x052d0000, 0x052d0000, 0x05350000)
 tenured generation   total 10944K, used 727K [0x0a350000, 0x0ae00000, 0x14e00000)
   the space 10944K,   6% used [0x0a350000, 0x0a405cc0, 0x0a405e00, 0x0ae00000)
 Metaspace       used 563K, capacity 2760K, committed 2880K, reserved 4480K
Event: 114.051 GC heap after
Heap after GC invocations=441 (full 0):
 def new generation   total 4928K, used 52K [0x04e00000, 0x05350000, 0x0a350000)
  eden space 4416K,   0% used [0x04e00000, 0x04e00000, 0x05250000)
  from space 512K,  10% used [0x052d0000, 0x052dd2a0, 0x05350000)
  to   space 512K,   0% used [0x05250000, 0x05250000, 0x052d0000)
 tenured generation   total 10944K, used 728K [0x0a350000, 0x0ae00000, 0x14e00000)
   the space 10944K,   6% used [0x0a350000, 0x0a4062d8, 0x0a406400, 0x0ae00000)
 Metaspace       used 563K, capacity 2760K, committed 2880K, reserved 4480K
}

