# JRE version: Java(TM) SE Runtime Environment (8.0_121-b13) (build 1.8.0_121-b13)
# Java VM: Java HotSpot(TM) Client VM (25.121-b13 mixed mode, sharing windows-x86 )
Heap:
 def new generation   total 4928K, used 3512K [0x04400000, 0x04950000, 0x09950000)
  eden space 4416K,  78% used [0x04400000, 0x0475d238, 0x04850000)
  from space 512K,  13% used [0x048d0000, 0x048e0f20, 0x04950000)
  to   space 512K,   0% used [0x04850000, 0x04850000, 0x048d0000)
 tenured generation   total 10944K, used 703K [0x09950000, 0x0a400000, 0x14400000)
   the space 10944K,   6% used [0x09950000, 0x099ffd58, 0x099ffe00, 0x0a400000)
 Metaspace       used 562K, capacity 2760K, committed 2880K, reserved 4480K
GC Heap History (10 events):
Event: 147.077 GC heap before
{Heap before GC invocations=412 (full 0):
 def new generation   total 4928K, used 4475K [0x04400000, 0x04950000, 0x09950000)
  eden space 4416K, 100% used [0x04400000, 0x04850000, 0x04850000)
  from space 512K,  11% used [0x04850000, 0x0485ee58, 0x048d0000)
  to   space 512K,   0% used [0x048d0000, 0x048d0000, 0x04950000)
 tenured generation   total 10944K, used 691K [0x09950000, 0x0a400000, 0x14400000)
   the space 10944K,   6% used [0x09950000, 0x099fcf88, 0x099fd000, 0x0a400000)
 Metaspace       used 562K, capacity 2760K, committed 2880K, reserved 4480K
Event: 147.077 GC heap after
Heap after GC invocations=413 (full 0):
 def new generation   total 4928K, used 62K [0x04400000, 0x04950000, 0x09950000)
  eden space 4416K,   0% used [0x04400000, 0x04400000, 0x04850000)
  from space 512K,  12% used [0x048d0000, 0x048df910, 0x04950000)
  to   space 512K,   0% used [0x04850000, 0x04850000, 0x048d0000)
 tenured generation   total 10944K, used 691K [0x09950000, 0x0a400000, 0x14400000)
   the space 10944K,   6% used [0x09950000, 0x099fcf88, 0x099fd000, 0x0a400000)
 Metaspace       used 562K, capacity 2760K, committed 2880K, reserved 4480K
}
Event: 147.280 GC heap before
{Heap before GC invocations=413 (full 0):
 def new generation   total 4928K, used 4478K [0x04400000, 0x04950000, 0x09950000)
  eden space 4416K, 100% used [0x04400000, 0x04850000, 0x04850000)
  from space 512K,  12% used [0x048d0000, 0x048df910, 0x04950000)
  to   space 512K,   0% used [0x04850000, 0x04850000, 0x048d0000)
 tenured generation   total 10944K, used 691K [0x09950000, 0x0a400000, 0x14400000)
   the space 10944K,   6% used [0x09950000, 0x099fcf88, 0x099fd000, 0x0a400000)
 Metaspace       used 562K, capacity 2760K, committed 2880K, reserved 4480K
Event: 147.280 GC heap after
Heap after GC invocations=414 (full 0):
 def new generation   total 4928K, used 61K [0x04400000, 0x04950000, 0x09950000)
  eden space 4416K,   0% used [0x04400000, 0x04400000, 0x04850000)
  from space 512K,  12% used [0x04850000, 0x0485f730, 0x048d0000)
  to   space 512K,   0% used [0x048d0000, 0x048d0000, 0x04950000)
 tenured generation   total 10944K, used 693K [0x09950000, 0x0a400000, 0x14400000)
   the space 10944K,   6% used [0x09950000, 0x099fd5f0, 0x099fd600, 0x0a400000)
 Metaspace       used 562K, capacity 2760K, committed 2880K, reserved 4480K
}
Event: 147.486 GC heap before
{Heap before GC invocations=414 (full 0):
 def new generation   total 4928K, used 4477K [0x04400000, 0x04950000, 0x09950000)
  eden space 4416K, 100% used [0x04400000, 0x04850000, 0x04850000)
  from space 512K,  12% used [0x04850000, 0x0485f730, 0x048d0000)
  to   space 512K,   0% used [0x048d0000, 0x048d0000, 0x04950000)
 tenured generation   total 10944K, used 693K [0x09950000, 0x0a400000, 0x14400000)
   the space 10944K,   6% used [0x09950000, 0x099fd5f0, 0x099fd600, 0x0a400000)
 Metaspace       used 562K, capacity 2760K, committed 2880K, reserved 4480K
Event: 147.486 GC heap after
Heap after GC invocations=415 (full 0):
 def new generation   total 4928K, used 63K [0x04400000, 0x04950000, 0x09950000)
  eden space 4416K,   0% used [0x04400000, 0x04400000, 0x04850000)
  from space 512K,  12% used [0x048d0000, 0x048dfde0, 0x04950000)
  to   space 512K,   0% used [0x04850000, 0x04850000, 0x048d0000)
 tenured generation   total 10944K, used 696K [0x09950000, 0x0a400000, 0x14400000)
   the space 10944K,   6% used [0x09950000, 0x099fe258, 0x099fe400, 0x0a400000)
 Metaspace       used 562K, capacity 2760K, committed 2880K, reserved 4480K
}
Event: 147.686 GC heap before
{Heap before GC invocations=415 (full 0):
 def new generation   total 4928K, used 4479K [0x04400000, 0x04950000, 0x09950000)
  eden space 4416K, 100% used [0x04400000, 0x04850000, 0x04850000)
  from space 512K,  12% used [0x048d0000, 0x048dfde0, 0x04950000)
  to   space 512K,   0% used [0x04850000, 0x04850000, 0x048d0000)
 tenured generation   total 10944K, used 696K [0x09950000, 0x0a400000, 0x14400000)
   the space 10944K,   6% used [0x09950000, 0x099fe258, 0x099fe400, 0x0a400000)
 Metaspace       used 562K, capacity 2760K, committed 2880K, reserved 4480K
Event: 147.686 GC heap after
Heap after GC invocations=416 (full 0):
 def new generation   total 4928K, used 69K [0x04400000, 0x04950000, 0x09950000)
  eden space 4416K,   0% used [0x04400000, 0x04400000, 0x04850000)
  from space 512K,  13% used [0x04850000, 0x048615d0, 0x048d0000)
  to   space 512K,   0% used [0x048d0000, 0x048d0000, 0x04950000)
 tenured generation   total 10944K, used 697K [0x09950000, 0x0a400000, 0x14400000)
   the space 10944K,   6% used [0x09950000, 0x099fe4f8, 0x099fe600, 0x0a400000)
 Metaspace       used 562K, capacity 2760K, committed 2880K, reserved 4480K
}
Event: 147.890 GC heap before
{Heap before GC invocations=416 (full 0):
 def new generation   total 4928K, used 4485K [0x04400000, 0x04950000, 0x09950000)
  eden space 4416K, 100% used [0x04400000, 0x04850000, 0x04850000)
  from space 512K,  13% used [0x04850000, 0x048615d0, 0x048d0000)
  to   space 512K,   0% used [0x048d0000, 0x048d0000, 0x04950000)
 tenured generation   total 10944K, used 697K [0x09950000, 0x0a400000, 0x14400000)
   the space 10944K,   6% used [0x09950000, 0x099fe4f8, 0x099fe600, 0x0a400000)
 Metaspace       used 562K, capacity 2760K, committed 2880K, reserved 4480K
Event: 147.891 GC heap after
Heap after GC invocations=417 (full 0):
 def new generation   total 4928K, used 67K [0x04400000, 0x04950000, 0x09950000)
  eden space 4416K,   0% used [0x04400000, 0x04400000, 0x04850000)
  from space 512K,  13% used [0x048d0000, 0x048e0f20, 0x04950000)
  to   space 512K,   0% used [0x04850000, 0x04850000, 0x048d0000)
 tenured generation   total 10944K, used 703K [0x09950000, 0x0a400000, 0x14400000)
   the space 10944K,   6% used [0x09950000, 0x099ffd58, 0x099ffe00, 0x0a400000)
 Metaspace       used 562K, capacity 2760K, committed 2880K, reserved 4480K
}

