# JRE version: Java(TM) SE Runtime Environment (8.0_121-b13) (build 1.8.0_121-b13)
# Java VM: Java HotSpot(TM) Client VM (25.121-b13 mixed mode, sharing windows-x86 )
Heap:
 def new generation   total 4928K, used 2925K [0x04a00000, 0x04f50000, 0x09f50000)
  eden space 4416K,  66% used [0x04a00000, 0x04cd8ab8, 0x04e50000)
  from space 512K,   2% used [0x04e50000, 0x04e52bd8, 0x04ed0000)
  to   space 512K,   0% used [0x04ed0000, 0x04ed0000, 0x04f50000)
 tenured generation   total 10944K, used 730K [0x09f50000, 0x0aa00000, 0x14a00000)
   the space 10944K,   6% used [0x09f50000, 0x0a0069f8, 0x0a006a00, 0x0aa00000)
 Metaspace       used 561K, capacity 2760K, committed 2880K, reserved 4480K
GC Heap History (10 events):
Event: 91.210 GC heap before
{Heap before GC invocations=241 (full 0):
 def new generation   total 4928K, used 4429K [0x04a00000, 0x04f50000, 0x09f50000)
  eden space 4416K, 100% used [0x04a00000, 0x04e50000, 0x04e50000)
  from space 512K,   2% used [0x04ed0000, 0x04ed3618, 0x04f50000)
  to   space 512K,   0% used [0x04e50000, 0x04e50000, 0x04ed0000)
 tenured generation   total 10944K, used 727K [0x09f50000, 0x0aa00000, 0x14a00000)
   the space 10944K,   6% used [0x09f50000, 0x0a005f18, 0x0a006000, 0x0aa00000)
 Metaspace       used 561K, capacity 2760K, committed 2880K, reserved 4480K
Event: 91.210 GC heap after
Heap after GC invocations=242 (full 0):
 def new generation   total 4928K, used 13K [0x04a00000, 0x04f50000, 0x09f50000)
  eden space 4416K,   0% used [0x04a00000, 0x04a00000, 0x04e50000)
  from space 512K,   2% used [0x04e50000, 0x04e53570, 0x04ed0000)
  to   space 512K,   0% used [0x04ed0000, 0x04ed0000, 0x04f50000)
 tenured generation   total 10944K, used 727K [0x09f50000, 0x0aa00000, 0x14a00000)
   the space 10944K,   6% used [0x09f50000, 0x0a005f18, 0x0a006000, 0x0aa00000)
 Metaspace       used 561K, capacity 2760K, committed 2880K, reserved 4480K
}
Event: 91.438 GC heap before
{Heap before GC invocations=242 (full 0):
 def new generation   total 4928K, used 4429K [0x04a00000, 0x04f50000, 0x09f50000)
  eden space 4416K, 100% used [0x04a00000, 0x04e50000, 0x04e50000)
  from space 512K,   2% used [0x04e50000, 0x04e53570, 0x04ed0000)
  to   space 512K,   0% used [0x04ed0000, 0x04ed0000, 0x04f50000)
 tenured generation   total 10944K, used 727K [0x09f50000, 0x0aa00000, 0x14a00000)
   the space 10944K,   6% used [0x09f50000, 0x0a005f18, 0x0a006000, 0x0aa00000)
 Metaspace       used 561K, capacity 2760K, committed 2880K, reserved 4480K
Event: 91.439 GC heap after
Heap after GC invocations=243 (full 0):
 def new generation   total 4928K, used 12K [0x04a00000, 0x04f50000, 0x09f50000)
  eden space 4416K,   0% used [0x04a00000, 0x04a00000, 0x04e50000)
  from space 512K,   2% used [0x04ed0000, 0x04ed3120, 0x04f50000)
  to   space 512K,   0% used [0x04e50000, 0x04e50000, 0x04ed0000)
 tenured generation   total 10944K, used 729K [0x09f50000, 0x0aa00000, 0x14a00000)
   the space 10944K,   6% used [0x09f50000, 0x0a006720, 0x0a006800, 0x0aa00000)
 Metaspace       used 561K, capacity 2760K, committed 2880K, reserved 4480K
}
Event: 91.668 GC heap before
{Heap before GC invocations=243 (full 0):
 def new generation   total 4928K, used 4428K [0x04a00000, 0x04f50000, 0x09f50000)
  eden space 4416K, 100% used [0x04a00000, 0x04e50000, 0x04e50000)
  from space 512K,   2% used [0x04ed0000, 0x04ed3120, 0x04f50000)
  to   space 512K,   0% used [0x04e50000, 0x04e50000, 0x04ed0000)
 tenured generation   total 10944K, used 729K [0x09f50000, 0x0aa00000, 0x14a00000)
   the space 10944K,   6% used [0x09f50000, 0x0a006720, 0x0a006800, 0x0aa00000)
 Metaspace       used 561K, capacity 2760K, committed 2880K, reserved 4480K
Event: 91.669 GC heap after
Heap after GC invocations=244 (full 0):
 def new generation   total 4928K, used 10K [0x04a00000, 0x04f50000, 0x09f50000)
  eden space 4416K,   0% used [0x04a00000, 0x04a00000, 0x04e50000)
  from space 512K,   2% used [0x04e50000, 0x04e52a20, 0x04ed0000)
  to   space 512K,   0% used [0x04ed0000, 0x04ed0000, 0x04f50000)
 tenured generation   total 10944K, used 730K [0x09f50000, 0x0aa00000, 0x14a00000)
   the space 10944K,   6% used [0x09f50000, 0x0a0069f8, 0x0a006a00, 0x0aa00000)
 Metaspace       used 561K, capacity 2760K, committed 2880K, reserved 4480K
}
Event: 91.908 GC heap before
{Heap before GC invocations=244 (full 0):
 def new generation   total 4928K, used 4426K [0x04a00000, 0x04f50000, 0x09f50000)
  eden space 4416K, 100% used [0x04a00000, 0x04e50000, 0x04e50000)
  from space 512K,   2% used [0x04e50000, 0x04e52a20, 0x04ed0000)
  to   space 512K,   0% used [0x04ed0000, 0x04ed0000, 0x04f50000)
 tenured generation   total 10944K, used 730K [0x09f50000, 0x0aa00000, 0x14a00000)
   the space 10944K,   6% used [0x09f50000, 0x0a0069f8, 0x0a006a00, 0x0aa00000)
 Metaspace       used 561K, capacity 2760K, committed 2880K, reserved 4480K
Event: 91.908 GC heap after
Heap after GC invocations=245 (full 0):
 def new generation   total 4928K, used 11K [0x04a00000, 0x04f50000, 0x09f50000)
  eden space 4416K,   0% used [0x04a00000, 0x04a00000, 0x04e50000)
  from space 512K,   2% used [0x04ed0000, 0x04ed2ed0, 0x04f50000)
  to   space 512K,   0% used [0x04e50000, 0x04e50000, 0x04ed0000)
 tenured generation   total 10944K, used 730K [0x09f50000, 0x0aa00000, 0x14a00000)
   the space 10944K,   6% used [0x09f50000, 0x0a0069f8, 0x0a006a00, 0x0aa00000)
 Metaspace       used 561K, capacity 2760K, committed 2880K, reserved 4480K
}
Event: 92.133 GC heap before
{Heap before GC invocations=245 (full 0):
 def new generation   total 4928K, used 4427K [0x04a00000, 0x04f50000, 0x09f50000)
  eden space 4416K, 100% used [0x04a00000, 0x04e50000, 0x04e50000)
  from space 512K,   2% used [0x04ed0000, 0x04ed2ed0, 0x04f50000)
  to   space 512K,   0% used [0x04e50000, 0x04e50000, 0x04ed0000)
 tenured generation   total 10944K, used 730K [0x09f50000, 0x0aa00000, 0x14a00000)
   the space 10944K,   6% used [0x09f50000, 0x0a0069f8, 0x0a006a00, 0x0aa00000)
 Metaspace       used 561K, capacity 2760K, committed 2880K, reserved 4480K
Event: 92.133 GC heap after
Heap after GC invocations=246 (full 0):
 def new generation   total 4928K, used 10K [0x04a00000, 0x04f50000, 0x09f50000)
  eden space 4416K,   0% used [0x04a00000, 0x04a00000, 0x04e50000)
  from space 512K,   2% used [0x04e50000, 0x04e52bd8, 0x04ed0000)
  to   space 512K,   0% used [0x04ed0000, 0x04ed0000, 0x04f50000)
 tenured generation   total 10944K, used 730K [0x09f50000, 0x0aa00000, 0x14a00000)
   the space 10944K,   6% used [0x09f50000, 0x0a0069f8, 0x0a006a00, 0x0aa00000)
 Metaspace       used 561K, capacity 2760K, committed 2880K, reserved 4480K
}

