# JRE version: Java(TM) SE Runtime Environment (8.0_121-b13) (build 1.8.0_121-b13)
# Java VM: Java HotSpot(TM) Client VM (25.121-b13 mixed mode, sharing windows-x86 )
Heap:
 def new generation   total 4928K, used 1045K [0x04c00000, 0x05150000, 0x0a150000)
  eden space 4416K,  22% used [0x04c00000, 0x04cf2e28, 0x05050000)
  from space 512K,  14% used [0x050d0000, 0x050e2880, 0x05150000)
  to   space 512K,   0% used [0x05050000, 0x05050000, 0x050d0000)
 tenured generation   total 10944K, used 727K [0x0a150000, 0x0ac00000, 0x14c00000)
   the space 10944K,   6% used [0x0a150000, 0x0a205c68, 0x0a205e00, 0x0ac00000)
 Metaspace       used 561K, capacity 2760K, committed 2880K, reserved 4480K
GC Heap History (10 events):
Event: 109.217 GC heap before
{Heap before GC invocations=400 (full 0):
 def new generation   total 4928K, used 4475K [0x04c00000, 0x05150000, 0x0a150000)
  eden space 4416K, 100% used [0x04c00000, 0x05050000, 0x05050000)
  from space 512K,  11% used [0x05050000, 0x0505ed38, 0x050d0000)
  to   space 512K,   0% used [0x050d0000, 0x050d0000, 0x05150000)
 tenured generation   total 10944K, used 719K [0x0a150000, 0x0ac00000, 0x14c00000)
   the space 10944K,   6% used [0x0a150000, 0x0a203f38, 0x0a204000, 0x0ac00000)
 Metaspace       used 560K, capacity 2760K, committed 2880K, reserved 4480K
Event: 109.218 GC heap after
Heap after GC invocations=401 (full 0):
 def new generation   total 4928K, used 58K [0x04c00000, 0x05150000, 0x0a150000)
  eden space 4416K,   0% used [0x04c00000, 0x04c00000, 0x05050000)
  from space 512K,  11% used [0x050d0000, 0x050dea90, 0x05150000)
  to   space 512K,   0% used [0x05050000, 0x05050000, 0x050d0000)
 tenured generation   total 10944K, used 720K [0x0a150000, 0x0ac00000, 0x14c00000)
   the space 10944K,   6% used [0x0a150000, 0x0a204380, 0x0a204400, 0x0ac00000)
 Metaspace       used 560K, capacity 2760K, committed 2880K, reserved 4480K
}
Event: 109.616 GC heap before
{Heap before GC invocations=401 (full 0):
 def new generation   total 4928K, used 4474K [0x04c00000, 0x05150000, 0x0a150000)
  eden space 4416K, 100% used [0x04c00000, 0x05050000, 0x05050000)
  from space 512K,  11% used [0x050d0000, 0x050dea90, 0x05150000)
  to   space 512K,   0% used [0x05050000, 0x05050000, 0x050d0000)
 tenured generation   total 10944K, used 720K [0x0a150000, 0x0ac00000, 0x14c00000)
   the space 10944K,   6% used [0x0a150000, 0x0a204380, 0x0a204400, 0x0ac00000)
 Metaspace       used 560K, capacity 2760K, committed 2880K, reserved 4480K
Event: 109.617 GC heap after
Heap after GC invocations=402 (full 0):
 def new generation   total 4928K, used 61K [0x04c00000, 0x05150000, 0x0a150000)
  eden space 4416K,   0% used [0x04c00000, 0x04c00000, 0x05050000)
  from space 512K,  12% used [0x05050000, 0x0505f608, 0x050d0000)
  to   space 512K,   0% used [0x050d0000, 0x050d0000, 0x05150000)
 tenured generation   total 10944K, used 722K [0x0a150000, 0x0ac00000, 0x14c00000)
   the space 10944K,   6% used [0x0a150000, 0x0a2049c8, 0x0a204a00, 0x0ac00000)
 Metaspace       used 560K, capacity 2760K, committed 2880K, reserved 4480K
}
Event: 109.899 GC heap before
{Heap before GC invocations=402 (full 0):
 def new generation   total 4928K, used 4477K [0x04c00000, 0x05150000, 0x0a150000)
  eden space 4416K, 100% used [0x04c00000, 0x05050000, 0x05050000)
  from space 512K,  12% used [0x05050000, 0x0505f608, 0x050d0000)
  to   space 512K,   0% used [0x050d0000, 0x050d0000, 0x05150000)
 tenured generation   total 10944K, used 722K [0x0a150000, 0x0ac00000, 0x14c00000)
   the space 10944K,   6% used [0x0a150000, 0x0a2049c8, 0x0a204a00, 0x0ac00000)
 Metaspace       used 561K, capacity 2760K, committed 2880K, reserved 4480K
Event: 109.899 GC heap after
Heap after GC invocations=403 (full 0):
 def new generation   total 4928K, used 64K [0x04c00000, 0x05150000, 0x0a150000)
  eden space 4416K,   0% used [0x04c00000, 0x04c00000, 0x05050000)
  from space 512K,  12% used [0x050d0000, 0x050e0328, 0x05150000)
  to   space 512K,   0% used [0x05050000, 0x05050000, 0x050d0000)
 tenured generation   total 10944K, used 725K [0x0a150000, 0x0ac00000, 0x14c00000)
   the space 10944K,   6% used [0x0a150000, 0x0a2054c8, 0x0a205600, 0x0ac00000)
 Metaspace       used 561K, capacity 2760K, committed 2880K, reserved 4480K
}
Event: 110.156 GC heap before
{Heap before GC invocations=403 (full 0):
 def new generation   total 4928K, used 4480K [0x04c00000, 0x05150000, 0x0a150000)
  eden space 4416K, 100% used [0x04c00000, 0x05050000, 0x05050000)
  from space 512K,  12% used [0x050d0000, 0x050e0328, 0x05150000)
  to   space 512K,   0% used [0x05050000, 0x05050000, 0x050d0000)
 tenured generation   total 10944K, used 725K [0x0a150000, 0x0ac00000, 0x14c00000)
   the space 10944K,   6% used [0x0a150000, 0x0a2054c8, 0x0a205600, 0x0ac00000)
 Metaspace       used 561K, capacity 2760K, committed 2880K, reserved 4480K
Event: 110.157 GC heap after
Heap after GC invocations=404 (full 0):
 def new generation   total 4928K, used 75K [0x04c00000, 0x05150000, 0x0a150000)
  eden space 4416K,   0% used [0x04c00000, 0x04c00000, 0x05050000)
  from space 512K,  14% used [0x05050000, 0x05062e28, 0x050d0000)
  to   space 512K,   0% used [0x050d0000, 0x050d0000, 0x05150000)
 tenured generation   total 10944K, used 725K [0x0a150000, 0x0ac00000, 0x14c00000)
   the space 10944K,   6% used [0x0a150000, 0x0a205500, 0x0a205600, 0x0ac00000)
 Metaspace       used 561K, capacity 2760K, committed 2880K, reserved 4480K
}
Event: 110.412 GC heap before
{Heap before GC invocations=404 (full 0):
 def new generation   total 4928K, used 4491K [0x04c00000, 0x05150000, 0x0a150000)
  eden space 4416K, 100% used [0x04c00000, 0x05050000, 0x05050000)
  from space 512K,  14% used [0x05050000, 0x05062e28, 0x050d0000)
  to   space 512K,   0% used [0x050d0000, 0x050d0000, 0x05150000)
 tenured generation   total 10944K, used 725K [0x0a150000, 0x0ac00000, 0x14c00000)
   the space 10944K,   6% used [0x0a150000, 0x0a205500, 0x0a205600, 0x0ac00000)
 Metaspace       used 561K, capacity 2760K, committed 2880K, reserved 4480K
Event: 110.413 GC heap after
Heap after GC invocations=405 (full 0):
 def new generation   total 4928K, used 74K [0x04c00000, 0x05150000, 0x0a150000)
  eden space 4416K,   0% used [0x04c00000, 0x04c00000, 0x05050000)
  from space 512K,  14% used [0x050d0000, 0x050e2880, 0x05150000)
  to   space 512K,   0% used [0x05050000, 0x05050000, 0x050d0000)
 tenured generation   total 10944K, used 727K [0x0a150000, 0x0ac00000, 0x14c00000)
   the space 10944K,   6% used [0x0a150000, 0x0a205c68, 0x0a205e00, 0x0ac00000)
 Metaspace       used 561K, capacity 2760K, committed 2880K, reserved 4480K
}

